This is pdfTeX, Version 3.14159265-2.6-1.40.19 (TeX Live 2018) (preloaded format=pdflatex 2018.11.11)  13 JAN 2019 23:35
entering extended mode
 restricted \write18 enabled.
 %&-line parsing enabled.
**ITD.tex
(./ITD.tex
LaTeX2e <2018-04-01> patch level 2
Babel <3.18> and hyphenation patterns for 84 language(s) loaded.
(/usr/local/texlive/2018/texmf-dist/tex/latex/base/article.cls
Document Class: article 2014/09/29 v1.4h Standard LaTeX document class
(/usr/local/texlive/2018/texmf-dist/tex/latex/base/size10.clo
File: size10.clo 2014/09/29 v1.4h Standard LaTeX file (size option)
)
\c@part=\count80
\c@section=\count81
\c@subsection=\count82
\c@subsubsection=\count83
\c@paragraph=\count84
\c@subparagraph=\count85
\c@figure=\count86
\c@table=\count87
\abovecaptionskip=\skip41
\belowcaptionskip=\skip42
\bibindent=\dimen102
)
(/usr/local/texlive/2018/texmf-dist/tex/latex/graphics/graphicx.sty
Package: graphicx 2017/06/01 v1.1a Enhanced LaTeX Graphics (DPC,SPQR)

(/usr/local/texlive/2018/texmf-dist/tex/latex/graphics/keyval.sty
Package: keyval 2014/10/28 v1.15 key=value parser (DPC)
\KV@toks@=\toks14
)
(/usr/local/texlive/2018/texmf-dist/tex/latex/graphics/graphics.sty
Package: graphics 2017/06/25 v1.2c Standard LaTeX Graphics (DPC,SPQR)

(/usr/local/texlive/2018/texmf-dist/tex/latex/graphics/trig.sty
Package: trig 2016/01/03 v1.10 sin cos tan (DPC)
)
(/usr/local/texlive/2018/texmf-dist/tex/latex/graphics-cfg/graphics.cfg
File: graphics.cfg 2016/06/04 v1.11 sample graphics configuration
)
Package graphics Info: Driver file: pdftex.def on input line 99.

(/usr/local/texlive/2018/texmf-dist/tex/latex/graphics-def/pdftex.def
File: pdftex.def 2018/01/08 v1.0l Graphics/color driver for pdftex
))
\Gin@req@height=\dimen103
\Gin@req@width=\dimen104
)
(/usr/local/texlive/2018/texmf-dist/tex/latex/tools/longtable.sty
Package: longtable 2014/10/28 v4.11 Multi-page Table package (DPC)
\LTleft=\skip43
\LTright=\skip44
\LTpre=\skip45
\LTpost=\skip46
\LTchunksize=\count88
\LTcapwidth=\dimen105
\LT@head=\box26
\LT@firsthead=\box27
\LT@foot=\box28
\LT@lastfoot=\box29
\LT@cols=\count89
\LT@rows=\count90
\c@LT@tables=\count91
\c@LT@chunks=\count92
\LT@p@ftn=\toks15
)
(/usr/local/texlive/2018/texmf-dist/tex/latex/float/float.sty
Package: float 2001/11/08 v1.3d Float enhancements (AL)
\c@float@type=\count93
\float@exts=\toks16
\float@box=\box30
\@float@everytoks=\toks17
\@floatcapt=\box31
)
(/usr/local/texlive/2018/texmf-dist/tex/latex/subfig/subfig.sty
Package: subfig 2005/06/28 ver: 1.3 subfig package

(/usr/local/texlive/2018/texmf-dist/tex/latex/caption/caption.sty
Package: caption 2016/02/21 v3.3-144 Customizing captions (AR)

(/usr/local/texlive/2018/texmf-dist/tex/latex/caption/caption3.sty
Package: caption3 2016/05/22 v1.7-166 caption3 kernel (AR)
Package caption3 Info: TeX engine: e-TeX on input line 67.
\captionmargin=\dimen106
\captionmargin@=\dimen107
\captionwidth=\dimen108
\caption@tempdima=\dimen109
\caption@indent=\dimen110
\caption@parindent=\dimen111
\caption@hangindent=\dimen112
)
\c@ContinuedFloat=\count94
Package caption Info: float package is loaded.
Package caption Info: longtable package is loaded.

(/usr/local/texlive/2018/texmf-dist/tex/latex/caption/ltcaption.sty
Package: ltcaption 2013/06/09 v1.4-94 longtable captions (AR)
))
\c@KVtest=\count95
\sf@farskip=\skip47
\sf@captopadj=\dimen113
\sf@capskip=\skip48
\sf@nearskip=\skip49
\c@subfigure=\count96
\c@subfigure@save=\count97
\c@lofdepth=\count98
\c@subtable=\count99
\c@subtable@save=\count100
\c@lotdepth=\count101
\sf@top=\skip50
\sf@bottom=\skip51
)
(/usr/local/texlive/2018/texmf-dist/tex/latex/enumitem/enumitem.sty
Package: enumitem 2011/09/28 v3.5.2 Customized lists
\labelindent=\skip52
\enit@outerparindent=\dimen114
\enit@toks=\toks18
\enit@inbox=\box32
\enitdp@description=\count102
)
(/usr/local/texlive/2018/texmf-dist/tex/latex/hyperref/hyperref.sty
Package: hyperref 2018/02/06 v6.86b Hypertext links for LaTeX

(/usr/local/texlive/2018/texmf-dist/tex/generic/oberdiek/hobsub-hyperref.sty
Package: hobsub-hyperref 2016/05/16 v1.14 Bundle oberdiek, subset hyperref (HO)


(/usr/local/texlive/2018/texmf-dist/tex/generic/oberdiek/hobsub-generic.sty
Package: hobsub-generic 2016/05/16 v1.14 Bundle oberdiek, subset generic (HO)
Package: hobsub 2016/05/16 v1.14 Construct package bundles (HO)
Package: infwarerr 2016/05/16 v1.4 Providing info/warning/error messages (HO)
Package: ltxcmds 2016/05/16 v1.23 LaTeX kernel commands for general use (HO)
Package: ifluatex 2016/05/16 v1.4 Provides the ifluatex switch (HO)
Package ifluatex Info: LuaTeX not detected.
Package: ifvtex 2016/05/16 v1.6 Detect VTeX and its facilities (HO)
Package ifvtex Info: VTeX not detected.
Package: intcalc 2016/05/16 v1.2 Expandable calculations with integers (HO)
Package: ifpdf 2017/03/15 v3.2 Provides the ifpdf switch
Package: etexcmds 2016/05/16 v1.6 Avoid name clashes with e-TeX commands (HO)
Package etexcmds Info: Could not find \expanded.
(etexcmds)             That can mean that you are not using pdfTeX 1.50 or
(etexcmds)             that some package has redefined \expanded.
(etexcmds)             In the latter case, load this package earlier.
Package: kvsetkeys 2016/05/16 v1.17 Key value parser (HO)
Package: kvdefinekeys 2016/05/16 v1.4 Define keys (HO)
Package: pdftexcmds 2018/01/30 v0.27 Utility functions of pdfTeX for LuaTeX (HO
)
Package pdftexcmds Info: LuaTeX not detected.
Package pdftexcmds Info: \pdf@primitive is available.
Package pdftexcmds Info: \pdf@ifprimitive is available.
Package pdftexcmds Info: \pdfdraftmode found.
Package: pdfescape 2016/05/16 v1.14 Implements pdfTeX's escape features (HO)
Package: bigintcalc 2016/05/16 v1.4 Expandable calculations on big integers (HO
)
Package: bitset 2016/05/16 v1.2 Handle bit-vector datatype (HO)
Package: uniquecounter 2016/05/16 v1.3 Provide unlimited unique counter (HO)
)
Package hobsub Info: Skipping package `hobsub' (already loaded).
Package: letltxmacro 2016/05/16 v1.5 Let assignment for LaTeX macros (HO)
Package: hopatch 2016/05/16 v1.3 Wrapper for package hooks (HO)
Package: xcolor-patch 2016/05/16 xcolor patch
Package: atveryend 2016/05/16 v1.9 Hooks at the very end of document (HO)
Package atveryend Info: \enddocument detected (standard20110627).
Package: atbegshi 2016/06/09 v1.18 At begin shipout hook (HO)
Package: refcount 2016/05/16 v3.5 Data extraction from label references (HO)
Package: hycolor 2016/05/16 v1.8 Color options for hyperref/bookmark (HO)
)
(/usr/local/texlive/2018/texmf-dist/tex/generic/ifxetex/ifxetex.sty
Package: ifxetex 2010/09/12 v0.6 Provides ifxetex conditional
)
(/usr/local/texlive/2018/texmf-dist/tex/latex/oberdiek/auxhook.sty
Package: auxhook 2016/05/16 v1.4 Hooks for auxiliary files (HO)
)
(/usr/local/texlive/2018/texmf-dist/tex/latex/oberdiek/kvoptions.sty
Package: kvoptions 2016/05/16 v3.12 Key value format for package options (HO)
)
\@linkdim=\dimen115
\Hy@linkcounter=\count103
\Hy@pagecounter=\count104

(/usr/local/texlive/2018/texmf-dist/tex/latex/hyperref/pd1enc.def
File: pd1enc.def 2018/02/06 v6.86b Hyperref: PDFDocEncoding definition (HO)
Now handling font encoding PD1 ...
... no UTF-8 mapping file for font encoding PD1
)
\Hy@SavedSpaceFactor=\count105

(/usr/local/texlive/2018/texmf-dist/tex/latex/latexconfig/hyperref.cfg
File: hyperref.cfg 2002/06/06 v1.2 hyperref configuration of TeXLive
)
Package hyperref Info: Hyper figures OFF on input line 4509.
Package hyperref Info: Link nesting OFF on input line 4514.
Package hyperref Info: Hyper index ON on input line 4517.
Package hyperref Info: Plain pages OFF on input line 4524.
Package hyperref Info: Backreferencing OFF on input line 4529.
Package hyperref Info: Implicit mode ON; LaTeX internals redefined.
Package hyperref Info: Bookmarks ON on input line 4762.
\c@Hy@tempcnt=\count106

(/usr/local/texlive/2018/texmf-dist/tex/latex/url/url.sty
\Urlmuskip=\muskip10
Package: url 2013/09/16  ver 3.4  Verb mode for urls, etc.
)
LaTeX Info: Redefining \url on input line 5115.
\XeTeXLinkMargin=\dimen116
\Fld@menulength=\count107
\Field@Width=\dimen117
\Fld@charsize=\dimen118
Package hyperref Info: Hyper figures OFF on input line 6369.
Package hyperref Info: Link nesting OFF on input line 6374.
Package hyperref Info: Hyper index ON on input line 6377.
Package hyperref Info: backreferencing OFF on input line 6384.
Package hyperref Info: Link coloring OFF on input line 6389.
Package hyperref Info: Link coloring with OCG OFF on input line 6394.
Package hyperref Info: PDF/A mode OFF on input line 6399.
LaTeX Info: Redefining \ref on input line 6439.
LaTeX Info: Redefining \pageref on input line 6443.
\Hy@abspage=\count108
\c@Item=\count109
\c@Hfootnote=\count110
)
Package hyperref Info: Driver (autodetected): hpdftex.

(/usr/local/texlive/2018/texmf-dist/tex/latex/hyperref/hpdftex.def
File: hpdftex.def 2018/02/06 v6.86b Hyperref driver for pdfTeX
\Fld@listcount=\count111
\c@bookmark@seq@number=\count112

(/usr/local/texlive/2018/texmf-dist/tex/latex/oberdiek/rerunfilecheck.sty
Package: rerunfilecheck 2016/05/16 v1.8 Rerun checks for auxiliary files (HO)
Package uniquecounter Info: New unique counter `rerunfilecheck' on input line 2
82.
)
\Hy@SectionHShift=\skip53
)
(/usr/local/texlive/2018/texmf-dist/tex/latex/tasks/tasks.sty
(/usr/local/texlive/2018/texmf-dist/tex/latex/l3kernel/expl3.sty
Package: expl3 2018/03/05 L3 programming layer (loader) 

(/usr/local/texlive/2018/texmf-dist/tex/latex/l3kernel/expl3-code.tex
Package: expl3 2018/03/05 L3 programming layer (code)
\c_max_int=\count113
\l_tmpa_int=\count114
\l_tmpb_int=\count115
\g_tmpa_int=\count116
\g_tmpb_int=\count117
\g__intarray_font_int=\count118
\g__prg_map_int=\count119
\c_log_iow=\count120
\l_iow_line_count_int=\count121
\l__iow_line_target_int=\count122
\l__iow_one_indent_int=\count123
\l__iow_indent_int=\count124
\c_zero_dim=\dimen119
\c_max_dim=\dimen120
\l_tmpa_dim=\dimen121
\l_tmpb_dim=\dimen122
\g_tmpa_dim=\dimen123
\g_tmpb_dim=\dimen124
\c_zero_skip=\skip54
\c_max_skip=\skip55
\l_tmpa_skip=\skip56
\l_tmpb_skip=\skip57
\g_tmpa_skip=\skip58
\g_tmpb_skip=\skip59
\c_zero_muskip=\muskip11
\c_max_muskip=\muskip12
\l_tmpa_muskip=\muskip13
\l_tmpb_muskip=\muskip14
\g_tmpa_muskip=\muskip15
\g_tmpb_muskip=\muskip16
\l_keys_choice_int=\count125
\c__fp_leading_shift_int=\count126
\c__fp_middle_shift_int=\count127
\c__fp_trailing_shift_int=\count128
\c__fp_big_leading_shift_int=\count129
\c__fp_big_middle_shift_int=\count130
\c__fp_big_trailing_shift_int=\count131
\c__fp_Bigg_leading_shift_int=\count132
\c__fp_Bigg_middle_shift_int=\count133
\c__fp_Bigg_trailing_shift_int=\count134
\c__fp_rand_size_int=\count135
\c__fp_rand_four_int=\count136
\c__fp_rand_eight_int=\count137
\l__sort_length_int=\count138
\l__sort_min_int=\count139
\l__sort_top_int=\count140
\l__sort_max_int=\count141
\l__sort_true_max_int=\count142
\l__sort_block_int=\count143
\l__sort_begin_int=\count144
\l__sort_end_int=\count145
\l__sort_A_int=\count146
\l__sort_B_int=\count147
\l__sort_C_int=\count148
\l__tl_build_start_index_int=\count149
\l__tl_build_index_int=\count150
\l__tl_analysis_normal_int=\count151
\l__tl_analysis_index_int=\count152
\l__tl_analysis_nesting_int=\count153
\l__tl_analysis_type_int=\count154
\l__regex_internal_a_int=\count155
\l__regex_internal_b_int=\count156
\l__regex_internal_c_int=\count157
\l__regex_balance_int=\count158
\l__regex_group_level_int=\count159
\l__regex_mode_int=\count160
\c__regex_cs_in_class_mode_int=\count161
\c__regex_cs_mode_int=\count162
\l__regex_catcodes_int=\count163
\l__regex_default_catcodes_int=\count164
\c__regex_catcode_D_int=\count165
\c__regex_catcode_S_int=\count166
\c__regex_catcode_L_int=\count167
\c__regex_catcode_O_int=\count168
\c__regex_catcode_A_int=\count169
\c__regex_all_catcodes_int=\count170
\l__regex_show_lines_int=\count171
\l__regex_min_state_int=\count172
\l__regex_max_state_int=\count173
\l__regex_left_state_int=\count174
\l__regex_right_state_int=\count175
\l__regex_capturing_group_int=\count176
\l__regex_min_pos_int=\count177
\l__regex_max_pos_int=\count178
\l__regex_curr_pos_int=\count179
\l__regex_start_pos_int=\count180
\l__regex_success_pos_int=\count181
\l__regex_curr_char_int=\count182
\l__regex_curr_catcode_int=\count183
\l__regex_last_char_int=\count184
\l__regex_case_changed_char_int=\count185
\l__regex_curr_state_int=\count186
\l__regex_step_int=\count187
\l__regex_min_active_int=\count188
\l__regex_max_active_int=\count189
\l__regex_replacement_csnames_int=\count190
\l__regex_match_count_int=\count191
\l__regex_min_submatch_int=\count192
\l__regex_submatch_int=\count193
\l__regex_zeroth_submatch_int=\count194
\g__regex_trace_regex_int=\count195
\c_empty_box=\box33
\l_tmpa_box=\box34
\l_tmpb_box=\box35
\g_tmpa_box=\box36
\g_tmpb_box=\box37
\l__box_top_dim=\dimen125
\l__box_bottom_dim=\dimen126
\l__box_left_dim=\dimen127
\l__box_right_dim=\dimen128
\l__box_top_new_dim=\dimen129
\l__box_bottom_new_dim=\dimen130
\l__box_left_new_dim=\dimen131
\l__box_right_new_dim=\dimen132
\l__box_internal_box=\box38
\l__coffin_internal_box=\box39
\l__coffin_internal_dim=\dimen133
\l__coffin_offset_x_dim=\dimen134
\l__coffin_offset_y_dim=\dimen135
\l__coffin_x_dim=\dimen136
\l__coffin_y_dim=\dimen137
\l__coffin_x_prime_dim=\dimen138
\l__coffin_y_prime_dim=\dimen139
\c_empty_coffin=\box40
\l__coffin_aligned_coffin=\box41
\l__coffin_aligned_internal_coffin=\box42
\l_tmpa_coffin=\box43
\l_tmpb_coffin=\box44
\l__coffin_display_coffin=\box45
\l__coffin_display_coord_coffin=\box46
\l__coffin_display_pole_coffin=\box47
\l__coffin_display_offset_dim=\dimen140
\l__coffin_display_x_dim=\dimen141
\l__coffin_display_y_dim=\dimen142
\l__coffin_bounding_shift_dim=\dimen143
\l__coffin_left_corner_dim=\dimen144
\l__coffin_right_corner_dim=\dimen145
\l__coffin_bottom_corner_dim=\dimen146
\l__coffin_top_corner_dim=\dimen147
\l__coffin_scaled_total_height_dim=\dimen148
\l__coffin_scaled_width_dim=\dimen149
)
(/usr/local/texlive/2018/texmf-dist/tex/latex/l3kernel/l3pdfmode.def
File: l3pdfmode.def 2017/03/18 v L3 Experimental driver: PDF mode
\l__driver_color_stack_int=\count196
))
(/usr/local/texlive/2018/texmf-dist/tex/latex/l3packages/xparse/xparse.sty
Package: xparse 2018/02/21 L3 Experimental document command parser
\l__xparse_current_arg_int=\count197
\g__xparse_grabber_int=\count198
\l__xparse_m_args_int=\count199
\l__xparse_mandatory_args_int=\count266
\l__xparse_v_nesting_int=\count267
)
(/usr/local/texlive/2018/texmf-dist/tex/latex/eepic/epic.sty
Enhancements to Picture Environment. Version 1.2 - Released June 1, 1986
\@@multicnt=\count268
\d@lta=\count269
\@delta=\dimen150
\@@delta=\dimen151
\@gridcnt=\count270
\@joinkind=\count271
\@dotgap=\dimen152
\@ddotgap=\dimen153
\@x@diff=\count272
\@y@diff=\count273
\x@diff=\dimen154
\y@diff=\dimen155
\@dotbox=\box48
\num@segments=\count274
\num@segmentsi=\count275
\@datafile=\read1
) (/usr/local/texlive/2018/texmf-dist/tex/latex/cntformats/cntformats.sty
Package: cntformats 2014/07/20 v0.7 A different way to read counters. (CN)

(/usr/local/texlive/2018/texmf-dist/tex/latex/etoolbox/etoolbox.sty
Package: etoolbox 2018/02/11 v2.5e e-TeX tools for LaTeX (JAW)
\etb@tempcnta=\count276
)
(/usr/local/texlive/2018/texmf-dist/tex/latex/cnltx/cnltx-base.sty
Package: cnltx-base 2015/08/17 v0.13 LaTeX tools and documenting facilities (CN
)

(/usr/local/texlive/2018/texmf-dist/tex/latex/pgfopts/pgfopts.sty
Package: pgfopts 2014/07/10 v2.1a LaTeX package options with pgfkeys

(/usr/local/texlive/2018/texmf-dist/tex/latex/pgf/utilities/pgfkeys.sty
(/usr/local/texlive/2018/texmf-dist/tex/generic/pgf/utilities/pgfkeys.code.tex
\pgfkeys@pathtoks=\toks19
\pgfkeys@temptoks=\toks20

(/usr/local/texlive/2018/texmf-dist/tex/generic/pgf/utilities/pgfkeysfiltered.c
ode.tex
\pgfkeys@tmptoks=\toks21
)))
\pgfopts@list@add@a@toks=\toks22
\pgfopts@list@add@b@toks=\toks23
)
\c@cnltx@tmpa=\count277
\c@cnltx@tmpb=\count278
\c@cnltx@tmpc=\count279
\cnltx@tmpa@length=\skip60
\cnltx@tmpb@length=\skip61
\cnltx@tmpc@length=\skip62
 (/usr/local/texlive/2018/texmf-dist/tex/latex/xcolor/xcolor.sty
Package: xcolor 2016/05/11 v2.12 LaTeX color extensions (UK)

(/usr/local/texlive/2018/texmf-dist/tex/latex/graphics-cfg/color.cfg
File: color.cfg 2016/01/02 v1.6 sample color configuration
)
Package xcolor Info: Driver file: pdftex.def on input line 225.
Package xcolor Info: Model `cmy' substituted by `cmy0' on input line 1348.
Package xcolor Info: Model `hsb' substituted by `rgb' on input line 1352.
Package xcolor Info: Model `RGB' extended on input line 1364.
Package xcolor Info: Model `HTML' substituted by `rgb' on input line 1366.
Package xcolor Info: Model `Hsb' substituted by `hsb' on input line 1367.
Package xcolor Info: Model `tHsb' substituted by `hsb' on input line 1368.
Package xcolor Info: Model `HSB' substituted by `hsb' on input line 1369.
Package xcolor Info: Model `Gray' substituted by `gray' on input line 1370.
Package xcolor Info: Model `wave' substituted by `hsb' on input line 1371.
)
(/usr/local/texlive/2018/texmf-dist/tex/latex/trimspaces/trimspaces.sty
Package: trimspaces 2009/09/17 v1.1 Trim spaces around a token list
)))
(/usr/local/texlive/2018/texmf-dist/tex/latex/l3packages/xtemplate/xtemplate.st
y
Package: xtemplate 2018/02/21 L3 Experimental prototype document functions
\l__xtemplate_tmp_dim=\dimen156
\l__xtemplate_tmp_int=\count280
\l__xtemplate_tmp_muskip=\muskip17
\l__xtemplate_tmp_skip=\skip63
) (/usr/local/texlive/2018/texmf-dist/tex/latex/environ/environ.sty
Package: environ 2014/05/04 v0.3 A new way to define environments
\@envbody=\toks24
)
Package: tasks 2016/08/13 v0.12 Horizontalcolumnedlists (CN)
\l__tasks_depth_int=\count281
\g__tasks_int=\count282
\g__tasks_total_items_int=\count283
\l__tasks_columns_int=\count284
\l__tasks_rows_int=\count285
\g__tasks_current_col_num_int=\count286
\g__tasks_current_row_num_int=\count287
\l__tasks_item_columns_int=\count288
\l__tasks_item_indent_dim=\dimen157
\l__tasks_item_default_indent_dim=\dimen158
\l__tasks_item_width_dim=\dimen159
\l__tasks_label_width_dim=\dimen160
\l__tasks_label_default_width_dim=\dimen161
\l__tasks_label_offset_dim=\dimen162
\l__tasks_label_default_offset_dim=\dimen163
\l__tasks_column_sep_dim=\dimen164
\l__tasks_after_item_skip=\skip64
\l__tasks_custom_after_item_skip=\skip65
\l__tasks_before_list_skip=\skip66
\l__tasks_after_list_skip=\skip67
\l__tasks_item_coffin=\box49
\l__tasks_label_coffin=\box50
\c@task=\count289
\l__tasks_tmpa_int=\count290
\l__tasks_tmpb_int=\count291
\l__tasks_tmpa_coffin=\box51
.................................................
. xtemplate info: "declare-object-type"
. 
. Declaring object type 'tasks' taking 3 argument(s) on line 379.
.................................................
\l__tasks_choice_width_dim=\dimen165
\l__tasks_choice_linewidth_dim=\dimen166
\l__tasks_choice_checkwidth_dim=\dimen167
\l__tasks_choice_raise_dim=\dimen168
.................................................
. LaTeX info: "xparse/define-command"
. 
. Defining command \startnewitemline with sig. '' on line 692.
.................................................
.................................................
. LaTeX info: "xparse/define-command"
. 
. Defining command \NewTasks with sig. 'O{}mO{\task }D(){1}' on line 701.
.................................................
.................................................
. LaTeX info: "xparse/define-command"
. 
. Defining command \RenewTasks with sig. 'O{}mO{\task }D(){1}' on line 708.
.................................................
.................................................
. LaTeX info: "xparse/define-environment"
. 
. Defining environment 'tasks' with sig. 'O{}D(){1}' on line 714.
.................................................
\g__file_internal_ior=\read2

(/usr/local/texlive/2018/texmf-dist/tex/latex/tasks/tasks.cfg
File: tasks.cfg 2016/08/13 v0.12 tasks instances
)
.................................................
. LaTeX info: "xparse/define-command"
. 
. Defining command \settasks with sig. 'm' on line 722.
.................................................
) (./ITD.aux

LaTeX Warning: Label `fig:RequestTab' multiply defined.


LaTeX Warning: Label `fig:RequestTab' multiply defined.


LaTeX Warning: Label `fig:RequestTab' multiply defined.


LaTeX Warning: Label `fig:RequestTab' multiply defined.


LaTeX Warning: Label `fig:RequestTab' multiply defined.


LaTeX Warning: Label `fig:RequestTab' multiply defined.


LaTeX Warning: Label `fig:RequestTab' multiply defined.


LaTeX Warning: Label `fig:Hist' multiply defined.


LaTeX Warning: Label `fig:Hist' multiply defined.

)
\openout1 = `ITD.aux'.

LaTeX Font Info:    Checking defaults for OML/cmm/m/it on input line 17.
LaTeX Font Info:    ... okay on input line 17.
LaTeX Font Info:    Checking defaults for T1/cmr/m/n on input line 17.
LaTeX Font Info:    ... okay on input line 17.
LaTeX Font Info:    Checking defaults for OT1/cmr/m/n on input line 17.
LaTeX Font Info:    ... okay on input line 17.
LaTeX Font Info:    Checking defaults for OMS/cmsy/m/n on input line 17.
LaTeX Font Info:    ... okay on input line 17.
LaTeX Font Info:    Checking defaults for OMX/cmex/m/n on input line 17.
LaTeX Font Info:    ... okay on input line 17.
LaTeX Font Info:    Checking defaults for U/cmr/m/n on input line 17.
LaTeX Font Info:    ... okay on input line 17.
LaTeX Font Info:    Checking defaults for PD1/pdf/m/n on input line 17.
LaTeX Font Info:    ... okay on input line 17.
 (/usr/local/texlive/2018/texmf-dist/tex/context/base/mkii/supp-pdf.mkii
[Loading MPS to PDF converter (version 2006.09.02).]
\scratchcounter=\count292
\scratchdimen=\dimen169
\scratchbox=\box52
\nofMPsegments=\count293
\nofMParguments=\count294
\everyMPshowfont=\toks25
\MPscratchCnt=\count295
\MPscratchDim=\dimen170
\MPnumerator=\count296
\makeMPintoPDFobject=\count297
\everyMPtoPDFconversion=\toks26
) (/usr/local/texlive/2018/texmf-dist/tex/latex/oberdiek/epstopdf-base.sty
Package: epstopdf-base 2016/05/15 v2.6 Base part for package epstopdf

(/usr/local/texlive/2018/texmf-dist/tex/latex/oberdiek/grfext.sty
Package: grfext 2016/05/16 v1.2 Manage graphics extensions (HO)
)
Package epstopdf-base Info: Redefining graphics rule for `.eps' on input line 4
38.
Package grfext Info: Graphics extension search list:
(grfext)             [.pdf,.png,.jpg,.mps,.jpeg,.jbig2,.jb2,.PDF,.PNG,.JPG,.JPE
G,.JBIG2,.JB2,.eps]
(grfext)             \AppendGraphicsExtensions on input line 456.

(/usr/local/texlive/2018/texmf-dist/tex/latex/latexconfig/epstopdf-sys.cfg
File: epstopdf-sys.cfg 2010/07/13 v1.3 Configuration of (r)epstopdf for TeX Liv
e
))
Package caption Info: Begin \AtBeginDocument code.
Package caption Info: subfig package v1.3 is loaded.
Package caption Info: hyperref package is loaded.
Package caption Info: End \AtBeginDocument code.
\AtBeginShipoutBox=\box53
Package hyperref Info: Link coloring OFF on input line 17.

(/usr/local/texlive/2018/texmf-dist/tex/latex/hyperref/nameref.sty
Package: nameref 2016/05/21 v2.44 Cross-referencing by name of section

(/usr/local/texlive/2018/texmf-dist/tex/generic/oberdiek/gettitlestring.sty
Package: gettitlestring 2016/05/16 v1.5 Cleanup title references (HO)
)
\c@section@level=\count298
)
LaTeX Info: Redefining \ref on input line 17.
LaTeX Info: Redefining \pageref on input line 17.
LaTeX Info: Redefining \nameref on input line 17.

(./ITD.out) (./ITD.out)
\@outlinefile=\write3
\openout3 = `ITD.out'.

<./images/logo.png, id=221, 666.49pt x 489.83pt>
File: ./images/logo.png Graphic file (type png)
<use ./images/logo.png>
Package pdftex.def Info: ./images/logo.png  used on input line 22.
(pdftex.def)             Requested size: 345.0pt x 253.55457pt.
 [1

{/usr/local/texlive/2018/texmf-var/fonts/map/pdftex/updmap/pdftex.map} <./image
s/logo.png>] (./ITD.toc
LaTeX Font Info:    External font `cmex10' loaded for size
(Font)              <7> on input line 2.
LaTeX Font Info:    External font `cmex10' loaded for size
(Font)              <5> on input line 2.
pdfTeX warning (ext4): destination with the same identifier (name{page.1}) has 
been already used, duplicate ignored
<to be read again> 
                   \relax 
l.43 ...on}{\numberline {5}Testing}{41}{section.5}
                                                   [1])
\tf@toc=\write4
\openout4 = `ITD.toc'.

 [2]
LaTeX Font Info:    Try loading font information for OMS+cmr on input line 54.

(/usr/local/texlive/2018/texmf-dist/tex/latex/base/omscmr.fd
File: omscmr.fd 2014/09/29 v2.5h Standard LaTeX font definitions
)
LaTeX Font Info:    Font shape `OMS/cmr/m/n' in size <10> not available
(Font)              Font shape `OMS/cmsy/m/n' tried instead on input line 54.

Underfull \vbox (badness 10000) detected at line 78
 []

[3] [4] [5]
Underfull \hbox (badness 10000) in paragraph at lines 129--143

 []


Underfull \hbox (badness 10000) in paragraph at lines 129--143

 []

[6]
Underfull \hbox (badness 10000) in paragraph at lines 154--168

 []


Underfull \hbox (badness 10000) in paragraph at lines 154--168

 []

[7]
Underfull \hbox (badness 10000) in paragraph at lines 190--206

 []


Underfull \hbox (badness 10000) in paragraph at lines 190--206

 []

[8] [9]
Underfull \hbox (badness 10000) in paragraph at lines 220--236

 []


Underfull \hbox (badness 10000) in paragraph at lines 220--236

 []

[10]
Underfull \hbox (badness 10000) in paragraph at lines 245--258

 []


Underfull \hbox (badness 10000) in paragraph at lines 245--258

 []


Underfull \hbox (badness 10000) in paragraph at lines 266--279

 []


Underfull \hbox (badness 10000) in paragraph at lines 266--279

 []

[11]
Underfull \hbox (badness 10000) in paragraph at lines 288--301

 []


Underfull \hbox (badness 10000) in paragraph at lines 288--301

 []

[12] [13]
Underfull \hbox (badness 10000) in paragraph at lines 336--343

 []


Underfull \hbox (badness 10000) in paragraph at lines 353--368

 []


Underfull \hbox (badness 10000) in paragraph at lines 353--368

 []


Underfull \hbox (badness 10000) in paragraph at lines 353--368

 []

[14] [15] [16] [17] [18] [19] [20]
<./images/DBModel.png, id=385, 490.53262pt x 491.88768pt>
File: ./images/DBModel.png Graphic file (type png)
<use ./images/DBModel.png>
Package pdftex.def Info: ./images/DBModel.png  used on input line 529.
(pdftex.def)             Requested size: 426.79134pt x 427.96884pt.

Overfull \hbox (81.79134pt too wide) in paragraph at lines 529--530
[]  
 []

[21]
Underfull \hbox (badness 10000) in paragraph at lines 539--539
[]|\OT1/cmr/m/n/10 standinghours, heartrate, dis-tance-walk-
 []


Underfull \hbox (badness 2027) in paragraph at lines 539--539
\OT1/cmr/m/n/10 ingrun-ning, sleep-inghours, weight, height,
 []


Underfull \hbox (badness 4872) in paragraph at lines 539--539
\OT1/cmr/m/n/10 age, ac-tiveen-er-gy-burned, step-count, sys-
 []


Overfull \hbox (0.78903pt too wide) in paragraph at lines 541--541
[]|\OT1/cmr/m/n/10 requeststatus| 
 []


Underfull \vbox (badness 10000) detected at line 543
 []

[22 <./images/DBModel.png>]
Underfull \hbox (badness 10000) in paragraph at lines 546--551

 []


Overfull \hbox (0.78903pt too wide) in paragraph at lines 557--557
[]|\OT1/cmr/m/n/10 requeststatus| 
 []


Underfull \vbox (badness 10000) detected at line 559
 []


Overfull \hbox (0.78903pt too wide) in paragraph at lines 572--572
[]|\OT1/cmr/m/n/10 requeststatus| 
 []


Underfull \vbox (badness 10000) detected at line 575
 []

[23]
Underfull \vbox (badness 10000) detected at line 591
 []


Overfull \hbox (4.99194pt too wide) in paragraph at lines 605--605
[]|\OT1/cmr/m/n/10 company[]description| 
 []


Underfull \vbox (badness 10000) detected at line 606
 []


Underfull \vbox (badness 10000) detected at line 618
 []


Overfull \vbox (2.398pt too high) has occurred while \output is active []

 [24]
Underfull \vbox (badness 10000) detected at line 629
 []


Underfull \vbox (badness 10000) detected at line 642
 []


Underfull \vbox (badness 10000) detected at line 655
 []


Overfull \hbox (2.44527pt too wide) in paragraph at lines 662--674
\OT1/cmr/m/n/10 \Sin-gleUser.storyboard", \Third-Party.storyboard" and \Main.st
oryboard", each
 []


Underfull \hbox (badness 10000) in paragraph at lines 662--674

 []


Underfull \hbox (badness 10000) in paragraph at lines 662--674

 []


Underfull \hbox (badness 10000) in paragraph at lines 662--674

 []


Underfull \hbox (badness 10000) in paragraph at lines 662--674

 []

[25] [26]
<images/SimulatorScreenshots/login.png, id=423, 513.92pt x 901.3675pt>
File: images/SimulatorScreenshots/login.png Graphic file (type png)
<use images/SimulatorScreenshots/login.png>
Package pdftex.def Info: images/SimulatorScreenshots/login.png  used on input l
ine 686.
(pdftex.def)             Requested size: 142.26378pt x 249.52039pt.
<images/SimulatorScreenshots/error.png, id=424, 513.92pt x 901.3675pt>
File: images/SimulatorScreenshots/error.png Graphic file (type png)
<use images/SimulatorScreenshots/error.png>
Package pdftex.def Info: images/SimulatorScreenshots/error.png  used on input l
ine 688.
(pdftex.def)             Requested size: 142.26378pt x 249.52039pt.
 [27]
<images/SimulatorScreenshots/suregister.png, id=429, 511.9125pt x 898.35625pt>
File: images/SimulatorScreenshots/suregister.png Graphic file (type png)
<use images/SimulatorScreenshots/suregister.png>
Package pdftex.def Info: images/SimulatorScreenshots/suregister.png  used on in
put line 697.
(pdftex.def)             Requested size: 142.26378pt x 249.66006pt.
<images/SimulatorScreenshots/tpregister.png, id=430, 511.9125pt x 898.35625pt>
File: images/SimulatorScreenshots/tpregister.png Graphic file (type png)
<use images/SimulatorScreenshots/tpregister.png>
Package pdftex.def Info: images/SimulatorScreenshots/tpregister.png  used on in
put line 699.
(pdftex.def)             Requested size: 142.26378pt x 249.66006pt.
 [28 <./images/SimulatorScreenshots/login.png> <./images/SimulatorScreenshots/e
rror.png>]
<images/SimulatorScreenshots/tutorial1.png, id=441, 511.9125pt x 898.35625pt>
File: images/SimulatorScreenshots/tutorial1.png Graphic file (type png)
<use images/SimulatorScreenshots/tutorial1.png>
Package pdftex.def Info: images/SimulatorScreenshots/tutorial1.png  used on inp
ut line 707.
(pdftex.def)             Requested size: 142.26378pt x 249.66006pt.
<images/SimulatorScreenshots/tutorial2.png, id=442, 511.9125pt x 898.35625pt>
File: images/SimulatorScreenshots/tutorial2.png Graphic file (type png)
<use images/SimulatorScreenshots/tutorial2.png>
Package pdftex.def Info: images/SimulatorScreenshots/tutorial2.png  used on inp
ut line 709.
(pdftex.def)             Requested size: 142.26378pt x 249.66006pt.
 [29 <./images/SimulatorScreenshots/suregister.png> <./images/SimulatorScreensh
ots/tpregister.png>]
Underfull \hbox (badness 10000) in paragraph at lines 715--717

 []


Overfull \hbox (2.60243pt too wide) in paragraph at lines 721--722
\OT1/cmr/m/n/10 ViewSet-tings and SUEd-it-Set-tings. These two views are al-ter
-na-tively shown
 []

<images/SimulatorScreenshots/susettings.png, id=453, 511.9125pt x 898.35625pt>
File: images/SimulatorScreenshots/susettings.png Graphic file (type png)
<use images/SimulatorScreenshots/susettings.png>
Package pdftex.def Info: images/SimulatorScreenshots/susettings.png  used on in
put line 729.
(pdftex.def)             Requested size: 142.26378pt x 249.66006pt.
<images/SimulatorScreenshots/sueditsettings.png, id=454, 511.9125pt x 898.35625
pt>
File: images/SimulatorScreenshots/sueditsettings.png Graphic file (type png)
<use images/SimulatorScreenshots/sueditsettings.png>
Package pdftex.def Info: images/SimulatorScreenshots/sueditsettings.png  used o
n input line 731.
(pdftex.def)             Requested size: 142.26378pt x 249.66006pt.
[30 <./images/SimulatorScreenshots/tutorial1.png> <./images/SimulatorScreenshot
s/tutorial2.png>]
<./images/SimulatorScreenshots/myfollowers.png, id=465, 511.9125pt x 898.35625p
t>
File: ./images/SimulatorScreenshots/myfollowers.png Graphic file (type png)
<use ./images/SimulatorScreenshots/myfollowers.png>
Package pdftex.def Info: ./images/SimulatorScreenshots/myfollowers.png  used on
 input line 745.
(pdftex.def)             Requested size: 142.26378pt x 249.66006pt.
 [31 <./images/SimulatorScreenshots/susettings.png> <./images/SimulatorScreensh
ots/sueditsettings.png>]
<images/SimulatorScreenshots/myhealth1.png, id=475, 915.42pt x 1606.0pt>
File: images/SimulatorScreenshots/myhealth1.png Graphic file (type png)
<use images/SimulatorScreenshots/myhealth1.png>
Package pdftex.def Info: images/SimulatorScreenshots/myhealth1.png  used on inp
ut line 761.
(pdftex.def)             Requested size: 142.26378pt x 249.56458pt.
<images/SimulatorScreenshots/myhealth2.png, id=476, 915.42pt x 1606.0pt>
File: images/SimulatorScreenshots/myhealth2.png Graphic file (type png)
<use images/SimulatorScreenshots/myhealth2.png>
Package pdftex.def Info: images/SimulatorScreenshots/myhealth2.png  used on inp
ut line 763.
(pdftex.def)             Requested size: 142.26378pt x 249.56458pt.
<images/SimulatorScreenshots/myhealth3.png, id=477, 915.42pt x 1606.0pt>
File: images/SimulatorScreenshots/myhealth3.png Graphic file (type png)
<use images/SimulatorScreenshots/myhealth3.png>
Package pdftex.def Info: images/SimulatorScreenshots/myhealth3.png  used on inp
ut line 765.
(pdftex.def)             Requested size: 142.26378pt x 249.56458pt.
 [32 <./images/SimulatorScreenshots/myfollowers.png>]
Overfull \vbox (19.12912pt too high) has occurred while \output is active []


[33 <./images/SimulatorScreenshots/myhealth1.png> <./images/SimulatorScreenshot
s/myhealth2.png> <./images/SimulatorScreenshots/myhealth3.png>]
Underfull \hbox (badness 10000) in paragraph at lines 772--774

 []

<images/SimulatorScreenshots/grequests.png, id=495, 513.92pt x 901.3675pt>
File: images/SimulatorScreenshots/grequests.png Graphic file (type png)
<use images/SimulatorScreenshots/grequests.png>
Package pdftex.def Info: images/SimulatorScreenshots/grequests.png  used on inp
ut line 786.
(pdftex.def)             Requested size: 142.26378pt x 249.52039pt.
<images/SimulatorScreenshots/singlerequest.png, id=496, 511.9125pt x 898.35625p
t>
File: images/SimulatorScreenshots/singlerequest.png Graphic file (type png)
<use images/SimulatorScreenshots/singlerequest.png>
Package pdftex.def Info: images/SimulatorScreenshots/singlerequest.png  used on
 input line 788.
(pdftex.def)             Requested size: 142.26378pt x 249.66006pt.
[34 <./images/SimulatorScreenshots/grequests.png> <./images/SimulatorScreenshot
s/singlerequest.png>]
Overfull \hbox (13.91243pt too wide) in paragraph at lines 795--796
[]\OT1/cmr/bx/n/10 TPSettings.swift\OT1/cmr/m/n/10 : acts as a con-tainer for t
he views man-aged by TPViewSet-
 []

<images/SimulatorScreenshots/tpsettings.png, id=506, 511.9125pt x 898.35625pt>
File: images/SimulatorScreenshots/tpsettings.png Graphic file (type png)
<use images/SimulatorScreenshots/tpsettings.png>
Package pdftex.def Info: images/SimulatorScreenshots/tpsettings.png  used on in
put line 803.
(pdftex.def)             Requested size: 142.26378pt x 249.66006pt.
<images/SimulatorScreenshots/tpeditsettings.png, id=507, 511.9125pt x 898.35625
pt>
File: images/SimulatorScreenshots/tpeditsettings.png Graphic file (type png)
<use images/SimulatorScreenshots/tpeditsettings.png>
Package pdftex.def Info: images/SimulatorScreenshots/tpeditsettings.png  used o
n input line 805.
(pdftex.def)             Requested size: 142.26378pt x 249.66006pt.
[35 <./images/SimulatorScreenshots/tpsettings.png> <./images/SimulatorScreensho
ts/tpeditsettings.png>]
<images/SimulatorScreenshots/history.png, id=517, 511.9125pt x 898.35625pt>
File: images/SimulatorScreenshots/history.png Graphic file (type png)
<use images/SimulatorScreenshots/history.png>
Package pdftex.def Info: images/SimulatorScreenshots/history.png  used on input
 line 820.
(pdftex.def)             Requested size: 142.26378pt x 249.66006pt.
<images/SimulatorScreenshots/popup.png, id=518, 513.92pt x 901.3675pt>
File: images/SimulatorScreenshots/popup.png Graphic file (type png)
<use images/SimulatorScreenshots/popup.png>
Package pdftex.def Info: images/SimulatorScreenshots/popup.png  used on input l
ine 822.
(pdftex.def)             Requested size: 142.26378pt x 249.52039pt.
 [36 <./images/SimulatorScreenshots/history.png> <./images/SimulatorScreenshots
/popup.png>]
Underfull \hbox (badness 4441) in paragraph at lines 843--843
[]|\OT1/cmr/m/n/10 Distance Walk-ing Run-
 []


Underfull \vbox (badness 10000) detected at line 847
 []

<./images/SimulatorScreenshots/3DTouch.png, id=529, 513.92pt x 901.3675pt>
File: ./images/SimulatorScreenshots/3DTouch.png Graphic file (type png)
<use ./images/SimulatorScreenshots/3DTouch.png>
Package pdftex.def Info: ./images/SimulatorScreenshots/3DTouch.png  used on inp
ut line 857.
(pdftex.def)             Requested size: 142.26378pt x 249.52039pt.
[37]
Underfull \hbox (badness 10000) in paragraph at lines 869--883

 []


Underfull \hbox (badness 10000) in paragraph at lines 869--883

 []


Underfull \hbox (badness 10000) in paragraph at lines 869--883

 []

[38 <./images/SimulatorScreenshots/3DTouch.png>]
Underfull \hbox (badness 10000) in paragraph at lines 888--904

 []


Underfull \hbox (badness 10000) in paragraph at lines 888--904

 []


Underfull \hbox (badness 10000) in paragraph at lines 888--904

 []


Underfull \hbox (badness 10000) in paragraph at lines 888--904

 []

[39] [40]
Underfull \hbox (badness 10000) in paragraph at lines 910--916

 []


Underfull \hbox (badness 1953) in paragraph at lines 926--926
[]|\OT1/cmr/m/it/10 Single User \OT1/cmr/m/n/10 reg-is-
 []


Underfull \hbox (badness 10000) in paragraph at lines 927--928
[]\OT1/cmr/m/n/10 Object re-spect-ing the
 []


Underfull \hbox (badness 1953) in paragraph at lines 930--930
[]|\OT1/cmr/m/it/10 Single User \OT1/cmr/m/n/10 reg-is-
 []


Underfull \hbox (badness 2608) in paragraph at lines 932--933
[]\OT1/cmr/m/n/10 Password length isn\OT1/cmr/m/sc/10 ^^M\OT1/cmr/m/n/10 t 8
 []


Underfull \hbox (badness 10000) in paragraph at lines 933--934
[]\OT1/cmr/m/n/10 Password not be-ing a
 []


Underfull \hbox (badness 1953) in paragraph at lines 936--936
[]|\OT1/cmr/m/it/10 Single User \OT1/cmr/m/n/10 reg-is-
 []


Underfull \hbox (badness 1953) in paragraph at lines 943--943
[]|\OT1/cmr/m/it/10 Single User \OT1/cmr/m/n/10 reg-is-
 []


Underfull \hbox (badness 1953) in paragraph at lines 949--949
[]|\OT1/cmr/m/it/10 Single User \OT1/cmr/m/n/10 reg-is-
 []


Underfull \hbox (badness 3000) in paragraph at lines 952--953
[]\OT1/cmr/m/n/10 Full name not be-ing a
 []


Underfull \hbox (badness 1953) in paragraph at lines 955--955
[]|\OT1/cmr/m/it/10 Single User \OT1/cmr/m/n/10 reg-is-
 []


Underfull \hbox (badness 2529) in paragraph at lines 958--959
[]\OT1/cmr/m/n/10 Birthdate not re-spect-ing
 []


Underfull \hbox (badness 1953) in paragraph at lines 961--961
[]|\OT1/cmr/m/it/10 Single User \OT1/cmr/m/n/10 reg-is-
 []


Underfull \hbox (badness 10000) in paragraph at lines 967--968
[]\OT1/cmr/m/n/10 Object re-spect-ing the
 []


Underfull \hbox (badness 10000) in paragraph at lines 978--979
[]\OT1/cmr/m/n/10 Company name longer
 []


Underfull \hbox (badness 10000) in paragraph at lines 987--988
[]\OT1/cmr/m/n/10 Object re-spect-ing the
 []


Underfull \hbox (badness 10000) in paragraph at lines 991--992
[]\OT1/cmr/m/n/10 Object re-spect-ing the
 []


Underfull \hbox (badness 10000) in paragraph at lines 994--994
[]|\OT1/cmr/m/it/10 Third Party \OT1/cmr/m/n/10 set-
 []


Underfull \hbox (badness 10000) in paragraph at lines 995--996
[]\OT1/cmr/m/n/10 Object re-spect-ing the
 []


Underfull \hbox (badness 10000) in paragraph at lines 999--1000
[]\OT1/cmr/m/n/10 Object re-spect-ing the
 []


Underfull \hbox (badness 10000) in paragraph at lines 1021--1022
[]\OT1/cmr/m/n/10 Object re-spect-ing the
 []


Overfull \hbox (3.9803pt too wide) in alignment at lines 924--1023
 [] [] [] 
 []


Underfull \vbox (badness 10000) detected at line 1023
 []


Underfull \hbox (badness 1776) in paragraph at lines 1024--1024
[]|\OT1/cmr/m/n/10 Send a sin-gle re-
 []


Underfull \hbox (badness 10000) in paragraph at lines 1025--1026
[]\OT1/cmr/m/n/10 Object re-spect-ing the
 []


Underfull \hbox (badness 1776) in paragraph at lines 1028--1028
[]|\OT1/cmr/m/n/10 Send a sin-gle re-
 []


Underfull \hbox (badness 10000) in paragraph at lines 1029--1030
[]\OT1/cmr/m/n/10 Subscription is not a
 []


Underfull \hbox (badness 1776) in paragraph at lines 1032--1032
[]|\OT1/cmr/m/n/10 Send a sin-gle re-
 []


Underfull \hbox (badness 1565) in paragraph at lines 1037--1037
[]|\OT1/cmr/m/n/10 Send a group re-
 []


Underfull \hbox (badness 10000) in paragraph at lines 1038--1039
[]\OT1/cmr/m/n/10 Object re-spect-ing the
 []


Underfull \hbox (badness 1565) in paragraph at lines 1041--1041
[]|\OT1/cmr/m/n/10 Send a group re-
 []


Underfull \hbox (badness 1565) in paragraph at lines 1047--1047
[]|\OT1/cmr/m/n/10 Send a group re-
 []


Underfull \hbox (badness 10000) in paragraph at lines 1054--1055
[]\OT1/cmr/m/n/10 Object re-spect-ing the
 []


Underfull \hbox (badness 10000) in paragraph at lines 1068--1069
[]\OT1/cmr/m/n/10 Object re-spect-ing the
 []


Overfull \hbox (3.9803pt too wide) in alignment at lines 1023--1073
 [] [] [] 
 []

[41] [42] [43] [44]
Underfull \hbox (badness 6725) in paragraph at lines 1094--1094
[]|\OT1/cmr/m/n/10 Login with an in-valid
 []


Underfull \hbox (badness 1152) in paragraph at lines 1096--1096
[]|\OT1/cmr/m/n/10 Login with wrong pass-
 []


Underfull \hbox (badness 2894) in paragraph at lines 1098--1098
[]|\OT1/cmr/m/n/10 Upload data of a non
 []


Underfull \hbox (badness 1824) in paragraph at lines 1099--1099
[]|\OT1/cmr/m/n/10 HTTP 200: Only new
 []


Underfull \hbox (badness 3260) in paragraph at lines 1100--1100
[]|\OT1/cmr/m/n/10 Retrieve statis-tics of a
 []


Underfull \hbox (badness 5726) in paragraph at lines 1100--1100
\OT1/cmr/m/n/10 logged user with data
 []


Underfull \hbox (badness 5622) in paragraph at lines 1100--1100
\OT1/cmr/m/n/10 of other users al-ready
 []


Underfull \hbox (badness 1275) in paragraph at lines 1100--1100
\OT1/cmr/m/n/10 trieved in the re-sponse,
 []


Underfull \hbox (badness 10000) in paragraph at lines 1101--1101
[]|\OT1/cmr/m/n/10 HTTP 200: Re-quest
 []


Underfull \hbox (badness 3872) in paragraph at lines 1101--1101
\OT1/cmr/m/n/10 is now present in the
 []


Underfull \hbox (badness 1052) in paragraph at lines 1102--1102
\OT1/cmr/m/n/10 user, re-quest is not in-
 []


Underfull \hbox (badness 10000) in paragraph at lines 1104--1104
[]|\OT1/cmr/m/n/10 HTTP 200: Re-quest
 []


Underfull \hbox (badness 3872) in paragraph at lines 1104--1104
\OT1/cmr/m/n/10 is now present in the
 []


Overfull \hbox (3.9803pt too wide) in alignment at lines 1084--1104
 [] [] [] 
 []


Underfull \vbox (badness 10000) detected at line 1104
 []


Underfull \hbox (badness 10000) in paragraph at lines 1110--1110
[]|\OT1/cmr/m/n/10 Terminate an on-go-ing
 []


Underfull \hbox (badness 10000) in paragraph at lines 1110--1110
\OT1/cmr/m/n/10 sub-scrip-tion (by both
 []


Underfull \hbox (badness 1881) in paragraph at lines 1110--1110
\OT1/cmr/m/it/10 Sin-gle User\OT1/cmr/m/n/10 s and \OT1/cmr/m/it/10 Third
 []


Underfull \hbox (badness 10000) in paragraph at lines 1113--1113
[]|\OT1/cmr/m/n/10 Terminate an on-go-ing
 []


Underfull \hbox (badness 1371) in paragraph at lines 1113--1113
\OT1/cmr/m/n/10 sub-scrip-tion to a group
 []


Underfull \hbox (badness 6412) in paragraph at lines 1113--1113
\OT1/cmr/m/n/10 re-quest by the sender
 []


Overfull \hbox (1.58641pt too wide) in paragraph at lines 1116--1116
[]|\OT1/cmr/m/n/10 /tp/downloadSingle| 
 []


Overfull \hbox (1.58641pt too wide) in paragraph at lines 1117--1117
[]|\OT1/cmr/m/n/10 /tp/downloadSingle| 
 []


Overfull \hbox (1.58641pt too wide) in paragraph at lines 1118--1118
[]|\OT1/cmr/m/n/10 /tp/downloadSingle| 
 []


Overfull \hbox (3.3503pt too wide) in paragraph at lines 1119--1119
[]|\OT1/cmr/m/n/10 /tp/downloadGroup| 
 []


Overfull \hbox (3.3503pt too wide) in paragraph at lines 1120--1120
[]|\OT1/cmr/m/n/10 /tp/downloadGroup| 
 []


Overfull \hbox (3.3503pt too wide) in paragraph at lines 1121--1121
[]|\OT1/cmr/m/n/10 /tp/downloadGroup| 
 []


Underfull \hbox (badness 1571) in paragraph at lines 1121--1121
\OT1/cmr/m/n/10 users match the Search
 []


Overfull \hbox (3.97528pt too wide) in paragraph at lines 1122--1122
[]|\OT1/cmr/m/n/10 /settings/single/info| 
 []


Underfull \hbox (badness 10000) in paragraph at lines 1122--1122
[]|\OT1/cmr/m/n/10 Update set-tings of a
 []


Overfull \hbox (3.97528pt too wide) in paragraph at lines 1123--1123
[]|\OT1/cmr/m/n/10 /settings/single/info| 
 []


Underfull \hbox (badness 7433) in paragraph at lines 1123--1123
[]|\OT1/cmr/m/n/10 Retrieve set-tings of a
 []


Overfull \hbox (3.97528pt too wide) in paragraph at lines 1124--1124
[]|\OT1/cmr/m/n/10 /settings/single/info| 
 []


Overfull \hbox (3.9803pt too wide) in alignment at lines 1104--1124
 [] [] [] 
 []

[45]
Overfull \hbox (3.97528pt too wide) in paragraph at lines 1125--1125
[]|\OT1/cmr/m/n/10 /settings/single/info| 
 []


Underfull \hbox (badness 10000) in paragraph at lines 1126--1126
[]|\OT1/cmr/m/n/10 Update set-tings of a
 []


Underfull \hbox (badness 7433) in paragraph at lines 1127--1127
[]|\OT1/cmr/m/n/10 Retrieve set-tings of a
 []


Overfull \hbox (3.9803pt too wide) in alignment at lines 1124--1131
 [] [] [] 
 []

[46] [47]
Underfull \hbox (badness 6510) in paragraph at lines 1137--1137
[]|\OT1/cmr/m/n/10 Register a sin-gle
 []


Underfull \hbox (badness 2310) in paragraph at lines 1142--1143
[]\OT1/cmr/m/n/10 Receive an ac-ti-va-
 []


Underfull \hbox (badness 6510) in paragraph at lines 1144--1144
[]|\OT1/cmr/m/n/10 Register a sin-gle
 []


Underfull \hbox (badness 10000) in paragraph at lines 1148--1149
[]\OT1/cmr/m/n/10 Receive an er-ror
 []


Underfull \hbox (badness 6510) in paragraph at lines 1150--1150
[]|\OT1/cmr/m/n/10 Register a sin-gle
 []


Underfull \hbox (badness 10000) in paragraph at lines 1151--1152
\OT1/cmr/m/n/10 ma-tion (birth-date,
 []


Underfull \hbox (badness 10000) in paragraph at lines 1151--1152
\OT1/cmr/m/n/10 pass-word or CF
 []


Underfull \hbox (badness 10000) in paragraph at lines 1154--1155
[]\OT1/cmr/m/n/10 Receive an er-ror
 []


Underfull \hbox (badness 10000) in paragraph at lines 1156--1156
[]|\OT1/cmr/m/n/10 Register a third
 []


Underfull \hbox (badness 2310) in paragraph at lines 1161--1162
[]\OT1/cmr/m/n/10 Receive an ac-ti-va-
 []


Underfull \hbox (badness 10000) in paragraph at lines 1163--1163
[]|\OT1/cmr/m/n/10 Register a third
 []


Underfull \hbox (badness 10000) in paragraph at lines 1167--1168
[]\OT1/cmr/m/n/10 Receive an er-ror
 []


Underfull \hbox (badness 10000) in paragraph at lines 1169--1169
[]|\OT1/cmr/m/n/10 Register a third
 []


Underfull \hbox (badness 2503) in paragraph at lines 1170--1171
\OT1/cmr/m/n/10 ma-tion (P.IVA, or
 []


Underfull \hbox (badness 10000) in paragraph at lines 1170--1171
\OT1/cmr/m/n/10 pass-word mal-for-
 []


Underfull \hbox (badness 10000) in paragraph at lines 1173--1174
[]\OT1/cmr/m/n/10 Receive an er-ror
 []


Underfull \hbox (badness 10000) in paragraph at lines 1185--1186
[]\OT1/cmr/m/n/10 Receive an er-ror
 []


Underfull \hbox (badness 4378) in paragraph at lines 1188--1189
[]\OT1/cmr/m/n/10 Insert in-valid cre-
 []


Underfull \hbox (badness 10000) in paragraph at lines 1191--1192
[]\OT1/cmr/m/n/10 Receive an er-ror
 []


Underfull \hbox (badness 10000) in paragraph at lines 1197--1198
[]\OT1/cmr/m/n/10 Receive an er-ror
 []


Underfull \hbox (badness 10000) in paragraph at lines 1209--1210
[]\OT1/cmr/m/n/10 Receive an er-ror
 []


Underfull \hbox (badness 10000) in paragraph at lines 1215--1216
[]\OT1/cmr/m/n/10 Receive an er-ror
 []


Underfull \hbox (badness 10000) in paragraph at lines 1218--1219
[]\OT1/cmr/m/n/10 Select fil-ters and
 []


Underfull \hbox (badness 10000) in paragraph at lines 1227--1228
[]\OT1/cmr/m/n/10 Receive an er-ror
 []


Underfull \hbox (badness 4403) in paragraph at lines 1230--1231
[]\OT1/cmr/m/n/10 Open His-tory tab
 []


Underfull \hbox (badness 3872) in paragraph at lines 1236--1237
\OT1/cmr/m/n/10 the newly cre-ated
 []


Underfull \hbox (badness 2941) in paragraph at lines 1238--1238
[]|\OT1/cmr/m/n/10 Edit Third Party
 []


Underfull \hbox (badness 1721) in paragraph at lines 1239--1240
[]\OT1/cmr/m/n/10 Edit Set-tings with
 []


Underfull \hbox (badness 10000) in paragraph at lines 1239--1240
\OT1/cmr/m/n/10 valid in-for-ma-tion
 []


Underfull \hbox (badness 3872) in paragraph at lines 1242--1243
\OT1/cmr/m/n/10 rectly and edit-ing
 []


Underfull \hbox (badness 2941) in paragraph at lines 1244--1244
[]|\OT1/cmr/m/n/10 Edit Third Party
 []


Underfull \hbox (badness 2884) in paragraph at lines 1245--1246
[]\OT1/cmr/m/n/10 Edit set-tings with
 []


Underfull \hbox (badness 10000) in paragraph at lines 1248--1249
[]\OT1/cmr/m/n/10 Receive an er-ror
 []


Underfull \hbox (badness 5119) in paragraph at lines 1250--1250
[]|\OT1/cmr/m/n/10 Update My-Health
 []


Underfull \hbox (badness 6641) in paragraph at lines 1251--1252
\OT1/cmr/m/n/10 date af-ter adding
 []


Overfull \hbox (3.9803pt too wide) in alignment at lines 1135--1255
 [] [] [] 
 []


Underfull \vbox (badness 10000) detected at line 1255
 []


Underfull \hbox (badness 8038) in paragraph at lines 1257--1258
[]\OT1/cmr/m/n/10 Open My-Fol-low-ers
 []


Underfull \hbox (badness 3872) in paragraph at lines 1262--1263
\OT1/cmr/m/n/10 the newly cre-ated
 []


Underfull \hbox (badness 10000) in paragraph at lines 1262--1263
\OT1/cmr/m/n/10 one with sta-tus
 []


Underfull \hbox (badness 4913) in paragraph at lines 1264--1264
[]|\OT1/cmr/m/n/10 Accept sin-gle re-
 []


Underfull \hbox (badness 6910) in paragraph at lines 1272--1272
[]|\OT1/cmr/m/n/10 Refuse sin-gle re-
 []


Underfull \hbox (badness 10000) in paragraph at lines 1292--1293
[]\OT1/cmr/m/n/10 No alert to call
 []


Underfull \hbox (badness 10000) in paragraph at lines 1292--1293
\OT1/cmr/m/n/10 an am-bu-lance is
 []


Underfull \hbox (badness 3078) in paragraph at lines 1292--1293
\OT1/cmr/m/n/10 re-ceived when the
 []


Underfull \hbox (badness 10000) in paragraph at lines 1296--1297
[]\OT1/cmr/m/n/10 Press app with
 []


Underfull \hbox (badness 10000) in paragraph at lines 1296--1297
\OT1/cmr/m/n/10 \En-able Au-to-mat-
 []


Underfull \hbox (badness 6995) in paragraph at lines 1301--1301
[]|\OT1/cmr/m/n/10 Edit Sin-gle User
 []


Underfull \hbox (badness 1721) in paragraph at lines 1302--1303
[]\OT1/cmr/m/n/10 Edit Set-tings with
 []


Underfull \hbox (badness 10000) in paragraph at lines 1302--1303
\OT1/cmr/m/n/10 valid in-for-ma-tion
 []


Underfull \hbox (badness 3872) in paragraph at lines 1305--1306
\OT1/cmr/m/n/10 rectly and edit-ing
 []


Underfull \hbox (badness 6995) in paragraph at lines 1307--1307
[]|\OT1/cmr/m/n/10 Edit Sin-gle User
 []


Underfull \hbox (badness 2884) in paragraph at lines 1308--1309
[]\OT1/cmr/m/n/10 Edit set-tings with
 []


Underfull \hbox (badness 10000) in paragraph at lines 1311--1312
[]\OT1/cmr/m/n/10 Receive an er-ror
 []


Overfull \hbox (3.9803pt too wide) in alignment at lines 1255--1314
 [] [] [] 
 []

[48] [49] [50] [51] [52] [53]
Underfull \hbox (badness 10000) in paragraph at lines 1321--1327

 []


Overfull \hbox (36.19408pt too wide) in paragraph at lines 1336--1337
[]\OT1/cmr/m/n/10 Download the lat-est LTS re-lease of Node.js from []https://n
odejs.org/en/download/[]. 
 []


Overfull \hbox (15.27849pt too wide) in paragraph at lines 1346--1350
\OT1/cmr/m/n/10 men-tioned in this guide []https://www.codementor.io/engineerap
art/getting-started-
 []


Overfull \hbox (15.13954pt too wide) in paragraph at lines 1346--1350
\OT1/cmr/m/n/10 with-postgresql-on-mac-osx-are8jcopb[] for what con-cerns in-st
alling Post-gres through
 []

[54] [55] [56]
<./images/GitHub.png, id=643, 1503.6175pt x 825.0825pt>
File: ./images/GitHub.png Graphic file (type png)
<use ./images/GitHub.png>
Package pdftex.def Info: ./images/GitHub.png  used on input line 1413.
(pdftex.def)             Requested size: 142.26378pt x 78.05632pt.

Overfull \hbox (0.91689pt too wide) in paragraph at lines 1420--1423
[]\OT1/cmr/bx/n/10 Francesco Lorenzo: \OT1/cmr/m/n/10 con-tributed to the de-pl
oy-ment of the RDS database,
 []

Package atveryend Info: Empty hook `BeforeClearDocument' on input line 1432.
[57 <./images/GitHub.png>]
Package atveryend Info: Empty hook `AfterLastShipout' on input line 1432.
 (./ITD.aux)
Package atveryend Info: Executing hook `AtVeryEndDocument' on input line 1432.
Package atveryend Info: Executing hook `AtEndAfterFileList' on input line 1432.

Package rerunfilecheck Info: File `ITD.out' has not changed.
(rerunfilecheck)             Checksum: B5989508EF683D5A0B64DBA906C43259;3534.


LaTeX Warning: There were multiply-defined labels.

Package atveryend Info: Empty hook `AtVeryVeryEnd' on input line 1432.
 ) 
Here is how much of TeX's memory you used:
 17299 strings out of 492649
 324416 string characters out of 6129621
 440211 words of memory out of 5000000
 20863 multiletter control sequences out of 15000+600000
 534679 words of font info for 36 fonts, out of 8000000 for 9000
 1141 hyphenation exceptions out of 8191
 61i,11n,53p,10361b,516s stack positions out of 5000i,500n,10000p,200000b,80000s
</usr/local/texlive/2018/texmf-dist/fonts/type1/public/amsfonts/cm/cmbx10.pfb
></usr/local/texlive/2018/texmf-dist/fonts/type1/public/amsfonts/cm/cmbx12.pfb>
</usr/local/texlive/2018/texmf-dist/fonts/type1/public/amsfonts/cm/cmcsc10.pfb>
</usr/local/texlive/2018/texmf-dist/fonts/type1/public/amsfonts/cm/cmmi10.pfb><
/usr/local/texlive/2018/texmf-dist/fonts/type1/public/amsfonts/cm/cmr10.pfb></u
sr/local/texlive/2018/texmf-dist/fonts/type1/public/amsfonts/cm/cmr12.pfb></usr
/local/texlive/2018/texmf-dist/fonts/type1/public/amsfonts/cm/cmr17.pfb></usr/l
ocal/texlive/2018/texmf-dist/fonts/type1/public/amsfonts/cm/cmr8.pfb></usr/loca
l/texlive/2018/texmf-dist/fonts/type1/public/amsfonts/cm/cmsy10.pfb></usr/local
/texlive/2018/texmf-dist/fonts/type1/public/amsfonts/cm/cmti10.pfb></usr/local/
texlive/2018/texmf-dist/fonts/type1/public/amsfonts/cm/cmti12.pfb></usr/local/t
exlive/2018/texmf-dist/fonts/type1/public/amsfonts/cm/cmti8.pfb>
Output written on ITD.pdf (58 pages, 5693445 bytes).
PDF statistics:
 732 PDF objects out of 1000 (max. 8388607)
 610 compressed objects within 7 object streams
 182 named destinations out of 1000 (max. 500000)
 543 words of extra memory for PDF output out of 10000 (max. 10000000)

