This is pdfTeX, Version 3.14159265-2.6-1.40.19 (TeX Live 2018) (preloaded format=pdflatex 2018.11.11)  20 JAN 2019 21:23
entering extended mode
 restricted \write18 enabled.
 %&-line parsing enabled.
**ATD.tex
(./ATD.tex
LaTeX2e <2018-04-01> patch level 2
Babel <3.18> and hyphenation patterns for 84 language(s) loaded.
(/usr/local/texlive/2018/texmf-dist/tex/latex/base/article.cls
Document Class: article 2014/09/29 v1.4h Standard LaTeX document class
(/usr/local/texlive/2018/texmf-dist/tex/latex/base/size10.clo
File: size10.clo 2014/09/29 v1.4h Standard LaTeX file (size option)
)
\c@part=\count80
\c@section=\count81
\c@subsection=\count82
\c@subsubsection=\count83
\c@paragraph=\count84
\c@subparagraph=\count85
\c@figure=\count86
\c@table=\count87
\abovecaptionskip=\skip41
\belowcaptionskip=\skip42
\bibindent=\dimen102
)
(/usr/local/texlive/2018/texmf-dist/tex/latex/graphics/graphicx.sty
Package: graphicx 2017/06/01 v1.1a Enhanced LaTeX Graphics (DPC,SPQR)

(/usr/local/texlive/2018/texmf-dist/tex/latex/graphics/keyval.sty
Package: keyval 2014/10/28 v1.15 key=value parser (DPC)
\KV@toks@=\toks14
)
(/usr/local/texlive/2018/texmf-dist/tex/latex/graphics/graphics.sty
Package: graphics 2017/06/25 v1.2c Standard LaTeX Graphics (DPC,SPQR)

(/usr/local/texlive/2018/texmf-dist/tex/latex/graphics/trig.sty
Package: trig 2016/01/03 v1.10 sin cos tan (DPC)
)
(/usr/local/texlive/2018/texmf-dist/tex/latex/graphics-cfg/graphics.cfg
File: graphics.cfg 2016/06/04 v1.11 sample graphics configuration
)
Package graphics Info: Driver file: pdftex.def on input line 99.

(/usr/local/texlive/2018/texmf-dist/tex/latex/graphics-def/pdftex.def
File: pdftex.def 2018/01/08 v1.0l Graphics/color driver for pdftex
))
\Gin@req@height=\dimen103
\Gin@req@width=\dimen104
)
(/usr/local/texlive/2018/texmf-dist/tex/latex/tools/longtable.sty
Package: longtable 2014/10/28 v4.11 Multi-page Table package (DPC)
\LTleft=\skip43
\LTright=\skip44
\LTpre=\skip45
\LTpost=\skip46
\LTchunksize=\count88
\LTcapwidth=\dimen105
\LT@head=\box26
\LT@firsthead=\box27
\LT@foot=\box28
\LT@lastfoot=\box29
\LT@cols=\count89
\LT@rows=\count90
\c@LT@tables=\count91
\c@LT@chunks=\count92
\LT@p@ftn=\toks15
)
(/usr/local/texlive/2018/texmf-dist/tex/latex/float/float.sty
Package: float 2001/11/08 v1.3d Float enhancements (AL)
\c@float@type=\count93
\float@exts=\toks16
\float@box=\box30
\@float@everytoks=\toks17
\@floatcapt=\box31
)
(/usr/local/texlive/2018/texmf-dist/tex/latex/subfig/subfig.sty
Package: subfig 2005/06/28 ver: 1.3 subfig package

(/usr/local/texlive/2018/texmf-dist/tex/latex/caption/caption.sty
Package: caption 2016/02/21 v3.3-144 Customizing captions (AR)

(/usr/local/texlive/2018/texmf-dist/tex/latex/caption/caption3.sty
Package: caption3 2016/05/22 v1.7-166 caption3 kernel (AR)
Package caption3 Info: TeX engine: e-TeX on input line 67.
\captionmargin=\dimen106
\captionmargin@=\dimen107
\captionwidth=\dimen108
\caption@tempdima=\dimen109
\caption@indent=\dimen110
\caption@parindent=\dimen111
\caption@hangindent=\dimen112
)
\c@ContinuedFloat=\count94
Package caption Info: float package is loaded.
Package caption Info: longtable package is loaded.

(/usr/local/texlive/2018/texmf-dist/tex/latex/caption/ltcaption.sty
Package: ltcaption 2013/06/09 v1.4-94 longtable captions (AR)
))
\c@KVtest=\count95
\sf@farskip=\skip47
\sf@captopadj=\dimen113
\sf@capskip=\skip48
\sf@nearskip=\skip49
\c@subfigure=\count96
\c@subfigure@save=\count97
\c@lofdepth=\count98
\c@subtable=\count99
\c@subtable@save=\count100
\c@lotdepth=\count101
\sf@top=\skip50
\sf@bottom=\skip51
)
(/usr/local/texlive/2018/texmf-dist/tex/latex/enumitem/enumitem.sty
Package: enumitem 2011/09/28 v3.5.2 Customized lists
\labelindent=\skip52
\enit@outerparindent=\dimen114
\enit@toks=\toks18
\enit@inbox=\box32
\enitdp@description=\count102
)
(/usr/local/texlive/2018/texmf-dist/tex/latex/hyperref/hyperref.sty
Package: hyperref 2018/02/06 v6.86b Hypertext links for LaTeX

(/usr/local/texlive/2018/texmf-dist/tex/generic/oberdiek/hobsub-hyperref.sty
Package: hobsub-hyperref 2016/05/16 v1.14 Bundle oberdiek, subset hyperref (HO)


(/usr/local/texlive/2018/texmf-dist/tex/generic/oberdiek/hobsub-generic.sty
Package: hobsub-generic 2016/05/16 v1.14 Bundle oberdiek, subset generic (HO)
Package: hobsub 2016/05/16 v1.14 Construct package bundles (HO)
Package: infwarerr 2016/05/16 v1.4 Providing info/warning/error messages (HO)
Package: ltxcmds 2016/05/16 v1.23 LaTeX kernel commands for general use (HO)
Package: ifluatex 2016/05/16 v1.4 Provides the ifluatex switch (HO)
Package ifluatex Info: LuaTeX not detected.
Package: ifvtex 2016/05/16 v1.6 Detect VTeX and its facilities (HO)
Package ifvtex Info: VTeX not detected.
Package: intcalc 2016/05/16 v1.2 Expandable calculations with integers (HO)
Package: ifpdf 2017/03/15 v3.2 Provides the ifpdf switch
Package: etexcmds 2016/05/16 v1.6 Avoid name clashes with e-TeX commands (HO)
Package etexcmds Info: Could not find \expanded.
(etexcmds)             That can mean that you are not using pdfTeX 1.50 or
(etexcmds)             that some package has redefined \expanded.
(etexcmds)             In the latter case, load this package earlier.
Package: kvsetkeys 2016/05/16 v1.17 Key value parser (HO)
Package: kvdefinekeys 2016/05/16 v1.4 Define keys (HO)
Package: pdftexcmds 2018/01/30 v0.27 Utility functions of pdfTeX for LuaTeX (HO
)
Package pdftexcmds Info: LuaTeX not detected.
Package pdftexcmds Info: \pdf@primitive is available.
Package pdftexcmds Info: \pdf@ifprimitive is available.
Package pdftexcmds Info: \pdfdraftmode found.
Package: pdfescape 2016/05/16 v1.14 Implements pdfTeX's escape features (HO)
Package: bigintcalc 2016/05/16 v1.4 Expandable calculations on big integers (HO
)
Package: bitset 2016/05/16 v1.2 Handle bit-vector datatype (HO)
Package: uniquecounter 2016/05/16 v1.3 Provide unlimited unique counter (HO)
)
Package hobsub Info: Skipping package `hobsub' (already loaded).
Package: letltxmacro 2016/05/16 v1.5 Let assignment for LaTeX macros (HO)
Package: hopatch 2016/05/16 v1.3 Wrapper for package hooks (HO)
Package: xcolor-patch 2016/05/16 xcolor patch
Package: atveryend 2016/05/16 v1.9 Hooks at the very end of document (HO)
Package atveryend Info: \enddocument detected (standard20110627).
Package: atbegshi 2016/06/09 v1.18 At begin shipout hook (HO)
Package: refcount 2016/05/16 v3.5 Data extraction from label references (HO)
Package: hycolor 2016/05/16 v1.8 Color options for hyperref/bookmark (HO)
)
(/usr/local/texlive/2018/texmf-dist/tex/generic/ifxetex/ifxetex.sty
Package: ifxetex 2010/09/12 v0.6 Provides ifxetex conditional
)
(/usr/local/texlive/2018/texmf-dist/tex/latex/oberdiek/auxhook.sty
Package: auxhook 2016/05/16 v1.4 Hooks for auxiliary files (HO)
)
(/usr/local/texlive/2018/texmf-dist/tex/latex/oberdiek/kvoptions.sty
Package: kvoptions 2016/05/16 v3.12 Key value format for package options (HO)
)
\@linkdim=\dimen115
\Hy@linkcounter=\count103
\Hy@pagecounter=\count104

(/usr/local/texlive/2018/texmf-dist/tex/latex/hyperref/pd1enc.def
File: pd1enc.def 2018/02/06 v6.86b Hyperref: PDFDocEncoding definition (HO)
Now handling font encoding PD1 ...
... no UTF-8 mapping file for font encoding PD1
)
\Hy@SavedSpaceFactor=\count105

(/usr/local/texlive/2018/texmf-dist/tex/latex/latexconfig/hyperref.cfg
File: hyperref.cfg 2002/06/06 v1.2 hyperref configuration of TeXLive
)
Package hyperref Info: Hyper figures OFF on input line 4509.
Package hyperref Info: Link nesting OFF on input line 4514.
Package hyperref Info: Hyper index ON on input line 4517.
Package hyperref Info: Plain pages OFF on input line 4524.
Package hyperref Info: Backreferencing OFF on input line 4529.
Package hyperref Info: Implicit mode ON; LaTeX internals redefined.
Package hyperref Info: Bookmarks ON on input line 4762.
\c@Hy@tempcnt=\count106

(/usr/local/texlive/2018/texmf-dist/tex/latex/url/url.sty
\Urlmuskip=\muskip10
Package: url 2013/09/16  ver 3.4  Verb mode for urls, etc.
)
LaTeX Info: Redefining \url on input line 5115.
\XeTeXLinkMargin=\dimen116
\Fld@menulength=\count107
\Field@Width=\dimen117
\Fld@charsize=\dimen118
Package hyperref Info: Hyper figures OFF on input line 6369.
Package hyperref Info: Link nesting OFF on input line 6374.
Package hyperref Info: Hyper index ON on input line 6377.
Package hyperref Info: backreferencing OFF on input line 6384.
Package hyperref Info: Link coloring OFF on input line 6389.
Package hyperref Info: Link coloring with OCG OFF on input line 6394.
Package hyperref Info: PDF/A mode OFF on input line 6399.
LaTeX Info: Redefining \ref on input line 6439.
LaTeX Info: Redefining \pageref on input line 6443.
\Hy@abspage=\count108
\c@Item=\count109
\c@Hfootnote=\count110
)
Package hyperref Info: Driver (autodetected): hpdftex.

(/usr/local/texlive/2018/texmf-dist/tex/latex/hyperref/hpdftex.def
File: hpdftex.def 2018/02/06 v6.86b Hyperref driver for pdfTeX
\Fld@listcount=\count111
\c@bookmark@seq@number=\count112

(/usr/local/texlive/2018/texmf-dist/tex/latex/oberdiek/rerunfilecheck.sty
Package: rerunfilecheck 2016/05/16 v1.8 Rerun checks for auxiliary files (HO)
Package uniquecounter Info: New unique counter `rerunfilecheck' on input line 2
82.
)
\Hy@SectionHShift=\skip53
)
(/usr/local/texlive/2018/texmf-dist/tex/latex/xcolor/xcolor.sty
Package: xcolor 2016/05/11 v2.12 LaTeX color extensions (UK)

(/usr/local/texlive/2018/texmf-dist/tex/latex/graphics-cfg/color.cfg
File: color.cfg 2016/01/02 v1.6 sample color configuration
)
Package xcolor Info: Driver file: pdftex.def on input line 225.
Package xcolor Info: Model `cmy' substituted by `cmy0' on input line 1348.
Package xcolor Info: Model `hsb' substituted by `rgb' on input line 1352.
Package xcolor Info: Model `RGB' extended on input line 1364.
Package xcolor Info: Model `HTML' substituted by `rgb' on input line 1366.
Package xcolor Info: Model `Hsb' substituted by `hsb' on input line 1367.
Package xcolor Info: Model `tHsb' substituted by `hsb' on input line 1368.
Package xcolor Info: Model `HSB' substituted by `hsb' on input line 1369.
Package xcolor Info: Model `Gray' substituted by `gray' on input line 1370.
Package xcolor Info: Model `wave' substituted by `hsb' on input line 1371.
)
(/usr/local/texlive/2018/texmf-dist/tex/latex/tasks/tasks.sty
(/usr/local/texlive/2018/texmf-dist/tex/latex/l3kernel/expl3.sty
Package: expl3 2018/03/05 L3 programming layer (loader) 

(/usr/local/texlive/2018/texmf-dist/tex/latex/l3kernel/expl3-code.tex
Package: expl3 2018/03/05 L3 programming layer (code)
\c_max_int=\count113
\l_tmpa_int=\count114
\l_tmpb_int=\count115
\g_tmpa_int=\count116
\g_tmpb_int=\count117
\g__intarray_font_int=\count118
\g__prg_map_int=\count119
\c_log_iow=\count120
\l_iow_line_count_int=\count121
\l__iow_line_target_int=\count122
\l__iow_one_indent_int=\count123
\l__iow_indent_int=\count124
\c_zero_dim=\dimen119
\c_max_dim=\dimen120
\l_tmpa_dim=\dimen121
\l_tmpb_dim=\dimen122
\g_tmpa_dim=\dimen123
\g_tmpb_dim=\dimen124
\c_zero_skip=\skip54
\c_max_skip=\skip55
\l_tmpa_skip=\skip56
\l_tmpb_skip=\skip57
\g_tmpa_skip=\skip58
\g_tmpb_skip=\skip59
\c_zero_muskip=\muskip11
\c_max_muskip=\muskip12
\l_tmpa_muskip=\muskip13
\l_tmpb_muskip=\muskip14
\g_tmpa_muskip=\muskip15
\g_tmpb_muskip=\muskip16
\l_keys_choice_int=\count125
\c__fp_leading_shift_int=\count126
\c__fp_middle_shift_int=\count127
\c__fp_trailing_shift_int=\count128
\c__fp_big_leading_shift_int=\count129
\c__fp_big_middle_shift_int=\count130
\c__fp_big_trailing_shift_int=\count131
\c__fp_Bigg_leading_shift_int=\count132
\c__fp_Bigg_middle_shift_int=\count133
\c__fp_Bigg_trailing_shift_int=\count134
\c__fp_rand_size_int=\count135
\c__fp_rand_four_int=\count136
\c__fp_rand_eight_int=\count137
\l__sort_length_int=\count138
\l__sort_min_int=\count139
\l__sort_top_int=\count140
\l__sort_max_int=\count141
\l__sort_true_max_int=\count142
\l__sort_block_int=\count143
\l__sort_begin_int=\count144
\l__sort_end_int=\count145
\l__sort_A_int=\count146
\l__sort_B_int=\count147
\l__sort_C_int=\count148
\l__tl_build_start_index_int=\count149
\l__tl_build_index_int=\count150
\l__tl_analysis_normal_int=\count151
\l__tl_analysis_index_int=\count152
\l__tl_analysis_nesting_int=\count153
\l__tl_analysis_type_int=\count154
\l__regex_internal_a_int=\count155
\l__regex_internal_b_int=\count156
\l__regex_internal_c_int=\count157
\l__regex_balance_int=\count158
\l__regex_group_level_int=\count159
\l__regex_mode_int=\count160
\c__regex_cs_in_class_mode_int=\count161
\c__regex_cs_mode_int=\count162
\l__regex_catcodes_int=\count163
\l__regex_default_catcodes_int=\count164
\c__regex_catcode_D_int=\count165
\c__regex_catcode_S_int=\count166
\c__regex_catcode_L_int=\count167
\c__regex_catcode_O_int=\count168
\c__regex_catcode_A_int=\count169
\c__regex_all_catcodes_int=\count170
\l__regex_show_lines_int=\count171
\l__regex_min_state_int=\count172
\l__regex_max_state_int=\count173
\l__regex_left_state_int=\count174
\l__regex_right_state_int=\count175
\l__regex_capturing_group_int=\count176
\l__regex_min_pos_int=\count177
\l__regex_max_pos_int=\count178
\l__regex_curr_pos_int=\count179
\l__regex_start_pos_int=\count180
\l__regex_success_pos_int=\count181
\l__regex_curr_char_int=\count182
\l__regex_curr_catcode_int=\count183
\l__regex_last_char_int=\count184
\l__regex_case_changed_char_int=\count185
\l__regex_curr_state_int=\count186
\l__regex_step_int=\count187
\l__regex_min_active_int=\count188
\l__regex_max_active_int=\count189
\l__regex_replacement_csnames_int=\count190
\l__regex_match_count_int=\count191
\l__regex_min_submatch_int=\count192
\l__regex_submatch_int=\count193
\l__regex_zeroth_submatch_int=\count194
\g__regex_trace_regex_int=\count195
\c_empty_box=\box33
\l_tmpa_box=\box34
\l_tmpb_box=\box35
\g_tmpa_box=\box36
\g_tmpb_box=\box37
\l__box_top_dim=\dimen125
\l__box_bottom_dim=\dimen126
\l__box_left_dim=\dimen127
\l__box_right_dim=\dimen128
\l__box_top_new_dim=\dimen129
\l__box_bottom_new_dim=\dimen130
\l__box_left_new_dim=\dimen131
\l__box_right_new_dim=\dimen132
\l__box_internal_box=\box38
\l__coffin_internal_box=\box39
\l__coffin_internal_dim=\dimen133
\l__coffin_offset_x_dim=\dimen134
\l__coffin_offset_y_dim=\dimen135
\l__coffin_x_dim=\dimen136
\l__coffin_y_dim=\dimen137
\l__coffin_x_prime_dim=\dimen138
\l__coffin_y_prime_dim=\dimen139
\c_empty_coffin=\box40
\l__coffin_aligned_coffin=\box41
\l__coffin_aligned_internal_coffin=\box42
\l_tmpa_coffin=\box43
\l_tmpb_coffin=\box44
\l__coffin_display_coffin=\box45
\l__coffin_display_coord_coffin=\box46
\l__coffin_display_pole_coffin=\box47
\l__coffin_display_offset_dim=\dimen140
\l__coffin_display_x_dim=\dimen141
\l__coffin_display_y_dim=\dimen142
\l__coffin_bounding_shift_dim=\dimen143
\l__coffin_left_corner_dim=\dimen144
\l__coffin_right_corner_dim=\dimen145
\l__coffin_bottom_corner_dim=\dimen146
\l__coffin_top_corner_dim=\dimen147
\l__coffin_scaled_total_height_dim=\dimen148
\l__coffin_scaled_width_dim=\dimen149
)
(/usr/local/texlive/2018/texmf-dist/tex/latex/l3kernel/l3pdfmode.def
File: l3pdfmode.def 2017/03/18 v L3 Experimental driver: PDF mode
\l__driver_color_stack_int=\count196
))
(/usr/local/texlive/2018/texmf-dist/tex/latex/l3packages/xparse/xparse.sty
Package: xparse 2018/02/21 L3 Experimental document command parser
\l__xparse_current_arg_int=\count197
\g__xparse_grabber_int=\count198
\l__xparse_m_args_int=\count199
\l__xparse_mandatory_args_int=\count266
\l__xparse_v_nesting_int=\count267
)
(/usr/local/texlive/2018/texmf-dist/tex/latex/eepic/epic.sty
Enhancements to Picture Environment. Version 1.2 - Released June 1, 1986
\@@multicnt=\count268
\d@lta=\count269
\@delta=\dimen150
\@@delta=\dimen151
\@gridcnt=\count270
\@joinkind=\count271
\@dotgap=\dimen152
\@ddotgap=\dimen153
\@x@diff=\count272
\@y@diff=\count273
\x@diff=\dimen154
\y@diff=\dimen155
\@dotbox=\box48
\num@segments=\count274
\num@segmentsi=\count275
\@datafile=\read1
) (/usr/local/texlive/2018/texmf-dist/tex/latex/cntformats/cntformats.sty
Package: cntformats 2014/07/20 v0.7 A different way to read counters. (CN)

(/usr/local/texlive/2018/texmf-dist/tex/latex/etoolbox/etoolbox.sty
Package: etoolbox 2018/02/11 v2.5e e-TeX tools for LaTeX (JAW)
\etb@tempcnta=\count276
)
(/usr/local/texlive/2018/texmf-dist/tex/latex/cnltx/cnltx-base.sty
Package: cnltx-base 2015/08/17 v0.13 LaTeX tools and documenting facilities (CN
)

(/usr/local/texlive/2018/texmf-dist/tex/latex/pgfopts/pgfopts.sty
Package: pgfopts 2014/07/10 v2.1a LaTeX package options with pgfkeys

(/usr/local/texlive/2018/texmf-dist/tex/latex/pgf/utilities/pgfkeys.sty
(/usr/local/texlive/2018/texmf-dist/tex/generic/pgf/utilities/pgfkeys.code.tex
\pgfkeys@pathtoks=\toks19
\pgfkeys@temptoks=\toks20

(/usr/local/texlive/2018/texmf-dist/tex/generic/pgf/utilities/pgfkeysfiltered.c
ode.tex
\pgfkeys@tmptoks=\toks21
)))
\pgfopts@list@add@a@toks=\toks22
\pgfopts@list@add@b@toks=\toks23
)
\c@cnltx@tmpa=\count277
\c@cnltx@tmpb=\count278
\c@cnltx@tmpc=\count279
\cnltx@tmpa@length=\skip60
\cnltx@tmpb@length=\skip61
\cnltx@tmpc@length=\skip62

(/usr/local/texlive/2018/texmf-dist/tex/latex/trimspaces/trimspaces.sty
Package: trimspaces 2009/09/17 v1.1 Trim spaces around a token list
)))
(/usr/local/texlive/2018/texmf-dist/tex/latex/l3packages/xtemplate/xtemplate.st
y
Package: xtemplate 2018/02/21 L3 Experimental prototype document functions
\l__xtemplate_tmp_dim=\dimen156
\l__xtemplate_tmp_int=\count280
\l__xtemplate_tmp_muskip=\muskip17
\l__xtemplate_tmp_skip=\skip63
) (/usr/local/texlive/2018/texmf-dist/tex/latex/environ/environ.sty
Package: environ 2014/05/04 v0.3 A new way to define environments
\@envbody=\toks24
)
Package: tasks 2016/08/13 v0.12 Horizontalcolumnedlists (CN)
\l__tasks_depth_int=\count281
\g__tasks_int=\count282
\g__tasks_total_items_int=\count283
\l__tasks_columns_int=\count284
\l__tasks_rows_int=\count285
\g__tasks_current_col_num_int=\count286
\g__tasks_current_row_num_int=\count287
\l__tasks_item_columns_int=\count288
\l__tasks_item_indent_dim=\dimen157
\l__tasks_item_default_indent_dim=\dimen158
\l__tasks_item_width_dim=\dimen159
\l__tasks_label_width_dim=\dimen160
\l__tasks_label_default_width_dim=\dimen161
\l__tasks_label_offset_dim=\dimen162
\l__tasks_label_default_offset_dim=\dimen163
\l__tasks_column_sep_dim=\dimen164
\l__tasks_after_item_skip=\skip64
\l__tasks_custom_after_item_skip=\skip65
\l__tasks_before_list_skip=\skip66
\l__tasks_after_list_skip=\skip67
\l__tasks_item_coffin=\box49
\l__tasks_label_coffin=\box50
\c@task=\count289
\l__tasks_tmpa_int=\count290
\l__tasks_tmpb_int=\count291
\l__tasks_tmpa_coffin=\box51
.................................................
. xtemplate info: "declare-object-type"
. 
. Declaring object type 'tasks' taking 3 argument(s) on line 379.
.................................................
\l__tasks_choice_width_dim=\dimen165
\l__tasks_choice_linewidth_dim=\dimen166
\l__tasks_choice_checkwidth_dim=\dimen167
\l__tasks_choice_raise_dim=\dimen168
.................................................
. LaTeX info: "xparse/define-command"
. 
. Defining command \startnewitemline with sig. '' on line 692.
.................................................
.................................................
. LaTeX info: "xparse/define-command"
. 
. Defining command \NewTasks with sig. 'O{}mO{\task }D(){1}' on line 701.
.................................................
.................................................
. LaTeX info: "xparse/define-command"
. 
. Defining command \RenewTasks with sig. 'O{}mO{\task }D(){1}' on line 708.
.................................................
.................................................
. LaTeX info: "xparse/define-environment"
. 
. Defining environment 'tasks' with sig. 'O{}D(){1}' on line 714.
.................................................
\g__file_internal_ior=\read2

(/usr/local/texlive/2018/texmf-dist/tex/latex/tasks/tasks.cfg
File: tasks.cfg 2016/08/13 v0.12 tasks instances
)
.................................................
. LaTeX info: "xparse/define-command"
. 
. Defining command \settasks with sig. 'm' on line 722.
.................................................
) (./ATD.aux)
\openout1 = `ATD.aux'.

LaTeX Font Info:    Checking defaults for OML/cmm/m/it on input line 18.
LaTeX Font Info:    ... okay on input line 18.
LaTeX Font Info:    Checking defaults for T1/cmr/m/n on input line 18.
LaTeX Font Info:    ... okay on input line 18.
LaTeX Font Info:    Checking defaults for OT1/cmr/m/n on input line 18.
LaTeX Font Info:    ... okay on input line 18.
LaTeX Font Info:    Checking defaults for OMS/cmsy/m/n on input line 18.
LaTeX Font Info:    ... okay on input line 18.
LaTeX Font Info:    Checking defaults for OMX/cmex/m/n on input line 18.
LaTeX Font Info:    ... okay on input line 18.
LaTeX Font Info:    Checking defaults for U/cmr/m/n on input line 18.
LaTeX Font Info:    ... okay on input line 18.
LaTeX Font Info:    Checking defaults for PD1/pdf/m/n on input line 18.
LaTeX Font Info:    ... okay on input line 18.

(/usr/local/texlive/2018/texmf-dist/tex/context/base/mkii/supp-pdf.mkii
[Loading MPS to PDF converter (version 2006.09.02).]
\scratchcounter=\count292
\scratchdimen=\dimen169
\scratchbox=\box52
\nofMPsegments=\count293
\nofMParguments=\count294
\everyMPshowfont=\toks25
\MPscratchCnt=\count295
\MPscratchDim=\dimen170
\MPnumerator=\count296
\makeMPintoPDFobject=\count297
\everyMPtoPDFconversion=\toks26
) (/usr/local/texlive/2018/texmf-dist/tex/latex/oberdiek/epstopdf-base.sty
Package: epstopdf-base 2016/05/15 v2.6 Base part for package epstopdf

(/usr/local/texlive/2018/texmf-dist/tex/latex/oberdiek/grfext.sty
Package: grfext 2016/05/16 v1.2 Manage graphics extensions (HO)
)
Package epstopdf-base Info: Redefining graphics rule for `.eps' on input line 4
38.
Package grfext Info: Graphics extension search list:
(grfext)             [.pdf,.png,.jpg,.mps,.jpeg,.jbig2,.jb2,.PDF,.PNG,.JPG,.JPE
G,.JBIG2,.JB2,.eps]
(grfext)             \AppendGraphicsExtensions on input line 456.

(/usr/local/texlive/2018/texmf-dist/tex/latex/latexconfig/epstopdf-sys.cfg
File: epstopdf-sys.cfg 2010/07/13 v1.3 Configuration of (r)epstopdf for TeX Liv
e
))
Package caption Info: Begin \AtBeginDocument code.
Package caption Info: subfig package v1.3 is loaded.
Package caption Info: hyperref package is loaded.
Package caption Info: End \AtBeginDocument code.
\AtBeginShipoutBox=\box53
Package hyperref Info: Link coloring OFF on input line 18.

(/usr/local/texlive/2018/texmf-dist/tex/latex/hyperref/nameref.sty
Package: nameref 2016/05/21 v2.44 Cross-referencing by name of section

(/usr/local/texlive/2018/texmf-dist/tex/generic/oberdiek/gettitlestring.sty
Package: gettitlestring 2016/05/16 v1.5 Cleanup title references (HO)
)
\c@section@level=\count298
)
LaTeX Info: Redefining \ref on input line 18.
LaTeX Info: Redefining \pageref on input line 18.
LaTeX Info: Redefining \nameref on input line 18.

(./ATD.out) (./ATD.out)
\@outlinefile=\write3
\openout3 = `ATD.out'.

<./images/logo.png, id=88, 666.49pt x 489.83pt>
File: ./images/logo.png Graphic file (type png)
<use ./images/logo.png>
Package pdftex.def Info: ./images/logo.png  used on input line 23.
(pdftex.def)             Requested size: 345.0pt x 253.55457pt.
 [1

{/usr/local/texlive/2018/texmf-var/fonts/map/pdftex/updmap/pdftex.map} <./image
s/logo.png>] (./ATD.toc
LaTeX Font Info:    External font `cmex10' loaded for size
(Font)              <7> on input line 2.
LaTeX Font Info:    External font `cmex10' loaded for size
(Font)              <5> on input line 2.
)
\tf@toc=\write4
\openout4 = `ATD.toc'.

pdfTeX warning (ext4): destination with the same identifier (name{page.1}) has 
been already used, duplicate ignored
<to be read again> 
                   \relax 
l.44 
      [1]
LaTeX Font Info:    Try loading font information for OMS+cmr on input line 55.
 (/usr/local/texlive/2018/texmf-dist/tex/latex/base/omscmr.fd
File: omscmr.fd 2014/09/29 v2.5h Standard LaTeX font definitions
)
LaTeX Font Info:    Font shape `OMS/cmr/m/n' in size <10> not available
(Font)              Font shape `OMS/cmsy/m/n' tried instead on input line 55.

Overfull \hbox (80.82031pt too wide) in paragraph at lines 68--70
\OT1/cmr/m/n/10 Their GitHub repos-i-tory can be found at: []https://github.com
/dev-strenuus/RomeoScottiStaccone[]. 
 []

[2]
Underfull \hbox (badness 10000) in paragraph at lines 104--113

 []


Underfull \hbox (badness 10000) in paragraph at lines 104--113

 []

[3]
Underfull \hbox (badness 1389) in paragraph at lines 134--134
\OT1/cmr/m/n/10 vid-ing a VAT al-
 []


Underfull \hbox (badness 10000) in paragraph at lines 140--140
[]|\OT1/cmr/m/n/10 Register a user
 []


Underfull \hbox (badness 7468) in paragraph at lines 140--140
\OT1/cmr/m/n/10 with-out ac-cept-ing
 []


Underfull \hbox (badness 1062) in paragraph at lines 141--142
\OT1/cmr/m/n/10 prompted to ac-cept the
 []


Overfull \hbox (3.9803pt too wide) in alignment at lines 129--150
 [] [] [] 
 []


Underfull \vbox (badness 10000) detected at line 150
 []


Underfull \hbox (badness 10000) in paragraph at lines 152--154

 []

[4]
Underfull \hbox (badness 10000) in paragraph at lines 168--168
[]|\OT1/cmr/m/n/10 Register a user
 []


Underfull \hbox (badness 10000) in paragraph at lines 171--171
[]|\OT1/cmr/m/n/10 Register a user
 []


Underfull \hbox (badness 7468) in paragraph at lines 171--171
\OT1/cmr/m/n/10 with-out ac-cept-ing
 []


Underfull \hbox (badness 1062) in paragraph at lines 172--173
\OT1/cmr/m/n/10 prompted to ac-cept the
 []


Underfull \hbox (badness 5726) in paragraph at lines 177--177
\OT1/cmr/m/n/10 an empty Name,
 []


Underfull \hbox (badness 1748) in paragraph at lines 177--177
\OT1/cmr/m/n/10 Sur-name or Pass-
 []


Underfull \hbox (badness 10000) in paragraph at lines 180--180
[]|\OT1/cmr/m/n/10 Register a user
 []


Underfull \hbox (badness 4819) in paragraph at lines 180--180
\OT1/cmr/m/n/10 with a Birth-date
 []


Underfull \hbox (badness 10000) in paragraph at lines 180--180
\OT1/cmr/m/n/10 not match-ing
 []


Overfull \hbox (3.9803pt too wide) in alignment at lines 163--187
 [] [] [] 
 []


Underfull \vbox (badness 10000) detected at line 187
 []


Underfull \hbox (badness 2799) in paragraph at lines 202--202
[]|\OT1/cmr/m/n/10 Log in the third
 []


Underfull \hbox (badness 1852) in paragraph at lines 204--204
[]|\OT1/cmr/m/n/10 Request not sent; []Test
 []


Underfull \hbox (badness 2799) in paragraph at lines 205--205
[]|\OT1/cmr/m/n/10 Log in the third
 []


Underfull \hbox (badness 10000) in paragraph at lines 205--205
\OT1/cmr/m/n/10 party web-site
 []


Underfull \hbox (badness 10000) in paragraph at lines 205--205
\OT1/cmr/m/n/10 with cre-den-tials
 []


Underfull \hbox (badness 6510) in paragraph at lines 205--205
\OT1/cmr/m/n/10 not match-ing an
 []


Underfull \hbox (badness 5022) in paragraph at lines 208--208
\OT1/cmr/m/n/10 ual ac-count with
 []


Underfull \hbox (badness 7256) in paragraph at lines 211--211
\OT1/cmr/m/n/10 ual web-site with
 []


Underfull \hbox (badness 10000) in paragraph at lines 211--211
\OT1/cmr/m/n/10 mal-formed fis-cal
 []


Underfull \hbox (badness 1852) in paragraph at lines 213--213
[]|\OT1/cmr/m/n/10 Request not sent; []Test
 []


Underfull \hbox (badness 10000) in paragraph at lines 214--214
[]|\OT1/cmr/m/n/10 Log in the in-
 []


Underfull \hbox (badness 10000) in paragraph at lines 214--214
\OT1/cmr/m/n/10 di-vid-ual web-site
 []


Underfull \hbox (badness 10000) in paragraph at lines 214--214
\OT1/cmr/m/n/10 with cre-den-tials
 []


Underfull \hbox (badness 6510) in paragraph at lines 214--214
\OT1/cmr/m/n/10 not match-ing an
 []


Overfull \hbox (3.9803pt too wide) in alignment at lines 197--218
 [] [] [] 
 []

[5]
Underfull \vbox (badness 10000) detected at line 218
 []


Underfull \hbox (badness 10000) in paragraph at lines 227--227
[]|\OT1/cmr/m/n/10 Change pass-word
 []


Underfull \hbox (badness 5217) in paragraph at lines 227--227
\OT1/cmr/m/n/10 with a new one
 []


Underfull \hbox (badness 10000) in paragraph at lines 230--230
[]|\OT1/cmr/m/n/10 Change pass-word
 []


Underfull \hbox (badness 5217) in paragraph at lines 230--230
\OT1/cmr/m/n/10 with a new one
 []


Underfull \hbox (badness 10000) in paragraph at lines 233--233
[]|\OT1/cmr/m/n/10 Change pass-word
 []


Underfull \hbox (badness 10000) in paragraph at lines 233--233
\OT1/cmr/m/n/10 pro-vid-ing wrong
 []


Overfull \hbox (3.9803pt too wide) in alignment at lines 225--237
 [] [] [] 
 []


Underfull \vbox (badness 10000) detected at line 237
 []

[6]
Underfull \hbox (badness 10000) in paragraph at lines 249--249
[]|\OT1/cmr/m/n/10 Change pass-word
 []


Underfull \hbox (badness 5217) in paragraph at lines 249--249
\OT1/cmr/m/n/10 with a new one
 []


Underfull \hbox (badness 10000) in paragraph at lines 252--252
[]|\OT1/cmr/m/n/10 Change pass-word
 []


Underfull \hbox (badness 5217) in paragraph at lines 252--252
\OT1/cmr/m/n/10 with a new one
 []


Underfull \hbox (badness 10000) in paragraph at lines 255--255
[]|\OT1/cmr/m/n/10 Change pass-word
 []


Underfull \hbox (badness 10000) in paragraph at lines 255--255
\OT1/cmr/m/n/10 pro-vid-ing wrong
 []


Underfull \hbox (badness 10000) in paragraph at lines 259--260
[]|\OT1/cmr/m/n/10 Change of co-or-di-nates
 []


Underfull \hbox (badness 6110) in paragraph at lines 261--261
\OT1/cmr/m/n/10 with in-valid new
 []


Overfull \hbox (3.9803pt too wide) in alignment at lines 247--265
 [] [] [] 
 []


Underfull \vbox (badness 10000) detected at line 265
 []

[7]
Underfull \hbox (badness 10000) in paragraph at lines 282--283
[]|\OT1/cmr/m/n/10 Enable au-to-mat-ed-SOS
 []


Underfull \hbox (badness 10000) in paragraph at lines 285--286
[]|\OT1/cmr/m/n/10 Disable au-to-mat-ed-SOS
 []


Overfull \hbox (3.9803pt too wide) in alignment at lines 279--288
 [] [] [] 
 []


Underfull \vbox (badness 10000) detected at line 288
 []


Underfull \hbox (badness 10000) in paragraph at lines 299--299
\OT1/cmr/m/n/10 in-di-vid-u-als that
 []


Underfull \hbox (badness 10000) in paragraph at lines 299--299
\OT1/cmr/m/n/10 does not match
 []


Underfull \hbox (badness 10000) in paragraph at lines 299--299
\OT1/cmr/m/n/10 the lo-ca-tion fil-
 []


Underfull \hbox (badness 10000) in paragraph at lines 299--299
\OT1/cmr/m/n/10 ters spec-i-fied in
 []


Underfull \hbox (badness 10000) in paragraph at lines 299--299
\OT1/cmr/m/n/10 the anony-mous
 []


Overfull \hbox (3.9803pt too wide) in alignment at lines 297--303
 [] [] [] 
 []


Underfull \vbox (badness 10000) detected at line 303
 []

[8]
Underfull \hbox (badness 1360) in paragraph at lines 324--324
\OT1/cmr/m/n/10 data of a re-fused
 []


Underfull \hbox (badness 10000) in paragraph at lines 327--327
[]|\OT1/cmr/m/n/10 The users must
 []


Underfull \hbox (badness 10000) in paragraph at lines 327--327
\OT1/cmr/m/n/10 have given the
 []


Underfull \hbox (badness 6675) in paragraph at lines 327--327
\OT1/cmr/m/n/10 con-sen-sus to the
 []


Underfull \hbox (badness 10000) in paragraph at lines 327--327
\OT1/cmr/m/n/10 in-for-ma-tion to
 []


Underfull \hbox (badness 1418) in paragraph at lines 329--329
[]|\OT1/cmr/m/n/10 User con-sen-sus is given
 []


Underfull \hbox (badness 3930) in paragraph at lines 329--329
\OT1/cmr/m/n/10 cept-ing a re-quest []Test
 []


Overfull \hbox (3.9803pt too wide) in alignment at lines 317--331
 [] [] [] 
 []


Underfull \vbox (badness 10000) detected at line 331
 []


Underfull \hbox (badness 1024) in paragraph at lines 344--344
\OT1/cmr/m/n/10 quest with in-valid
 []


Underfull \hbox (badness 3536) in paragraph at lines 345--346
[]|\OT1/cmr/m/n/10 Send in-di-vid-ual re-quest
 []


Underfull \hbox (badness 6893) in paragraph at lines 348--349
[]|\OT1/cmr/m/n/10 Individual re-quest sent
 []


Underfull \hbox (badness 10000) in paragraph at lines 350--350
[]|\OT1/cmr/m/n/10 Accept in-di-vid-ual
 []


Underfull \hbox (badness 10000) in paragraph at lines 351--352
[]|\OT1/cmr/m/n/10 Individual re-quest ac-
 []


Underfull \hbox (badness 10000) in paragraph at lines 353--353
[]|\OT1/cmr/m/n/10 Refuse in-di-vid-ual
 []


Underfull \hbox (badness 6032) in paragraph at lines 356--356
\OT1/cmr/m/n/10 quest to in-di-vid-
 []


Underfull \hbox (badness 1259) in paragraph at lines 356--356
\OT1/cmr/m/n/10 sent by the same
 []


Underfull \hbox (badness 6032) in paragraph at lines 359--359
\OT1/cmr/m/n/10 quest to in-di-vid-
 []


Overfull \hbox (3.9803pt too wide) in alignment at lines 342--363
 [] [] [] 
 []


Underfull \vbox (badness 10000) detected at line 363
 []

[9] [10]
Underfull \hbox (badness 10000) in paragraph at lines 382--382
[]|\OT1/cmr/m/n/10 Send anony-mous
 []


Underfull \hbox (badness 10000) in paragraph at lines 385--385
[]|\OT1/cmr/m/n/10 Send anony-mous
 []


Underfull \hbox (badness 10000) in paragraph at lines 385--385
\OT1/cmr/m/n/10 fil-ters (neg-a-tive
 []


Underfull \hbox (badness 10000) in paragraph at lines 385--385
\OT1/cmr/m/n/10 val-ues for age,
 []


Underfull \hbox (badness 10000) in paragraph at lines 385--385
\OT1/cmr/m/n/10 for lat-i-tude and
 []


Underfull \hbox (badness 10000) in paragraph at lines 388--388
\OT1/cmr/m/n/10 con-cern-ing more
 []


Underfull \hbox (badness 10000) in paragraph at lines 388--388
\OT1/cmr/m/n/10 than the num-
 []


Underfull \hbox (badness 1888) in paragraph at lines 388--388
\OT1/cmr/m/n/10 ber of in-di-vid-u-als
 []


Underfull \hbox (badness 10000) in paragraph at lines 388--388
\OT1/cmr/m/n/10 spec-i-fied in the
 []


Underfull \hbox (badness 1038) in paragraph at lines 389--390
[]|\OT1/cmr/m/n/10 Health data shown suc-
 []


Underfull \hbox (badness 10000) in paragraph at lines 391--391
[]|\OT1/cmr/m/n/10 Try to ac-cess
 []


Underfull \hbox (badness 2941) in paragraph at lines 391--391
\OT1/cmr/m/n/10 to an anony-mous
 []


Underfull \hbox (badness 1237) in paragraph at lines 391--391
\OT1/cmr/m/n/10 re-quest con-cern-ing
 []


Underfull \hbox (badness 1888) in paragraph at lines 391--391
\OT1/cmr/m/n/10 ber of in-di-vid-u-als
 []


Underfull \hbox (badness 10000) in paragraph at lines 391--391
\OT1/cmr/m/n/10 spec-i-fied in the
 []


Underfull \hbox (badness 1038) in paragraph at lines 392--393
[]|\OT1/cmr/m/n/10 Health data shown suc-
 []


Overfull \hbox (3.9803pt too wide) in alignment at lines 380--395
 [] [] [] 
 []


Underfull \vbox (badness 10000) detected at line 395
 []

[11]
Underfull \hbox (badness 10000) in paragraph at lines 402--418

 []


Underfull \hbox (badness 10000) in paragraph at lines 402--418

 []


Underfull \hbox (badness 10000) in paragraph at lines 402--418

 []

Package atveryend Info: Empty hook `BeforeClearDocument' on input line 422.
[12]
Package atveryend Info: Empty hook `AfterLastShipout' on input line 422.
 (./ATD.aux)
Package atveryend Info: Executing hook `AtVeryEndDocument' on input line 422.
Package atveryend Info: Executing hook `AtEndAfterFileList' on input line 422.
Package rerunfilecheck Info: File `ATD.out' has not changed.
(rerunfilecheck)             Checksum: ABF1A69B520E7F1E3A03FFFE4283FC98;1371.
Package atveryend Info: Empty hook `AtVeryVeryEnd' on input line 422.
 ) 
Here is how much of TeX's memory you used:
 16998 strings out of 492649
 317923 string characters out of 6129621
 406705 words of memory out of 5000000
 20726 multiletter control sequences out of 15000+600000
 533727 words of font info for 33 fonts, out of 8000000 for 9000
 1141 hyphenation exceptions out of 8191
 61i,9n,53p,10361b,437s stack positions out of 5000i,500n,10000p,200000b,80000s
</usr/local/texlive/2018/texmf-dist/fonts/type1/public/amsfonts/cm/cmbx10.pfb
></usr/local/texlive/2018/texmf-dist/fonts/type1/public/amsfonts/cm/cmbx12.pfb>
</usr/local/texlive/2018/texmf-dist/fonts/type1/public/amsfonts/cm/cmr10.pfb></
usr/local/texlive/2018/texmf-dist/fonts/type1/public/amsfonts/cm/cmr12.pfb></us
r/local/texlive/2018/texmf-dist/fonts/type1/public/amsfonts/cm/cmr17.pfb></usr/
local/texlive/2018/texmf-dist/fonts/type1/public/amsfonts/cm/cmsy10.pfb></usr/l
ocal/texlive/2018/texmf-dist/fonts/type1/public/amsfonts/cm/cmti10.pfb></usr/lo
cal/texlive/2018/texmf-dist/fonts/type1/public/amsfonts/cm/cmti12.pfb>
Output written on ATD.pdf (13 pages, 201425 bytes).
PDF statistics:
 227 PDF objects out of 1000 (max. 8388607)
 200 compressed objects within 2 object streams
 45 named destinations out of 1000 (max. 500000)
 174 words of extra memory for PDF output out of 10000 (max. 10000000)

