\BOOKMARK [1][-]{section.1}{Introduction}{}% 1
\BOOKMARK [2][-]{subsection.1.1}{Purpose and Scope}{section.1}% 2
\BOOKMARK [2][-]{subsection.1.2}{References}{section.1}% 3
\BOOKMARK [2][-]{subsection.1.3}{Project analysed}{section.1}% 4
\BOOKMARK [2][-]{subsection.1.4}{Overview}{section.1}% 5
\BOOKMARK [1][-]{section.2}{Installation Setup}{}% 6
\BOOKMARK [2][-]{subsection.2.1}{Server}{section.2}% 7
\BOOKMARK [2][-]{subsection.2.2}{Third Party client}{section.2}% 8
\BOOKMARK [2][-]{subsection.2.3}{Individual client}{section.2}% 9
\BOOKMARK [1][-]{section.3}{Acceptance Test Cases}{}% 10
\BOOKMARK [2][-]{subsection.3.1}{Third Party - Registration}{section.3}% 11
\BOOKMARK [2][-]{subsection.3.2}{Individual - Registration}{section.3}% 12
\BOOKMARK [2][-]{subsection.3.3}{Login}{section.3}% 13
\BOOKMARK [2][-]{subsection.3.4}{Third Party - Settings Management}{section.3}% 14
\BOOKMARK [2][-]{subsection.3.5}{Individual - Settings Management}{section.3}% 15
\BOOKMARK [2][-]{subsection.3.6}{Individual - AutomatedSOS Service}{section.3}% 16
\BOOKMARK [2][-]{subsection.3.7}{Individual - Data Acquisition}{section.3}% 17
\BOOKMARK [2][-]{subsection.3.8}{Data Management}{section.3}% 18
\BOOKMARK [2][-]{subsection.3.9}{Individual Requests}{section.3}% 19
\BOOKMARK [2][-]{subsection.3.10}{Anonymous Requests}{section.3}% 20
\BOOKMARK [1][-]{section.4}{Summary}{}% 21
